{"/home/travis/build/npmtest/node-npmtest-send/test.js":{"path":"/home/travis/build/npmtest/node-npmtest-send/test.js","s":{"1":2,"2":2,"3":2,"4":2,"5":2,"6":2,"7":2,"8":1,"9":2,"10":2,"11":1,"12":1,"13":1,"14":1,"15":2,"16":2,"17":2,"18":2,"19":1,"20":1,"21":2,"22":2,"23":2,"24":1,"25":1,"26":1,"27":1,"28":1,"29":1,"30":1,"31":1,"32":1,"33":1,"34":1,"35":1,"36":1,"37":1,"38":1,"39":2,"40":2,"41":1,"42":2,"43":2,"44":1,"45":2,"46":2,"47":1,"48":2,"49":2,"50":1,"51":1,"52":1,"53":1,"54":1},"b":{"1":[2,1,1,1],"2":[1,1,1,1],"3":[1,1],"4":[1,1],"5":[1,1],"6":[1,1],"7":[1,1],"8":[1,1],"9":[1,1],"10":[1,1,1],"11":[1,1],"12":[1,1],"13":[1,1],"14":[1,1],"15":[1,1],"16":[1,1],"17":[1,1]},"f":{"1":2,"2":2,"3":2,"4":2,"5":2,"6":1,"7":1,"8":1,"9":2,"10":2,"11":2,"12":2,"13":1},"fnMap":{"1":{"name":"(anonymous_1)","line":12,"loc":{"start":{"line":12,"column":1},"end":{"line":12,"column":13}}},"2":{"name":"(anonymous_2)","line":19,"loc":{"start":{"line":19,"column":5},"end":{"line":19,"column":17}}},"3":{"name":"(anonymous_3)","line":23,"loc":{"start":{"line":23,"column":24},"end":{"line":23,"column":36}}},"4":{"name":"(anonymous_4)","line":61,"loc":{"start":{"line":61,"column":5},"end":{"line":61,"column":17}}},"5":{"name":"(anonymous_5)","line":82,"loc":{"start":{"line":82,"column":5},"end":{"line":82,"column":17}}},"6":{"name":"(anonymous_6)","line":91,"loc":{"start":{"line":91,"column":77},"end":{"line":94,"column":10}}},"7":{"name":"(anonymous_7)","line":112,"loc":{"start":{"line":112,"column":83},"end":{"line":115,"column":10}},"skip":true},"8":{"name":"(anonymous_8)","line":123,"loc":{"start":{"line":123,"column":77},"end":{"line":126,"column":10}},"skip":true},"9":{"name":"(anonymous_9)","line":139,"loc":{"start":{"line":139,"column":12},"end":{"line":139,"column":40}},"skip":true},"10":{"name":"(anonymous_10)","line":147,"loc":{"start":{"line":147,"column":77},"end":{"line":150,"column":10}},"skip":true},"11":{"name":"(anonymous_11)","line":158,"loc":{"start":{"line":158,"column":83},"end":{"line":161,"column":10}},"skip":true},"12":{"name":"(anonymous_12)","line":169,"loc":{"start":{"line":169,"column":79},"end":{"line":172,"column":10}},"skip":true},"13":{"name":"(anonymous_13)","line":180,"loc":{"start":{"line":180,"column":75},"end":{"line":183,"column":10}},"skip":true}},"statementMap":{"1":{"start":{"line":12,"column":0},"end":{"line":195,"column":5}},"2":{"start":{"line":14,"column":4},"end":{"line":14,"column":14}},"3":{"start":{"line":19,"column":4},"end":{"line":56,"column":9}},"4":{"start":{"line":21,"column":8},"end":{"line":21,"column":19}},"5":{"start":{"line":23,"column":8},"end":{"line":35,"column":13}},"6":{"start":{"line":24,"column":12},"end":{"line":34,"column":13}},"7":{"start":{"line":25,"column":16},"end":{"line":28,"column":30}},"8":{"start":{"line":30,"column":16},"end":{"line":33,"column":27}},"9":{"start":{"line":37,"column":8},"end":{"line":39,"column":21}},"10":{"start":{"line":40,"column":8},"end":{"line":53,"column":9}},"11":{"start":{"line":43,"column":12},"end":{"line":46,"column":14}},"12":{"start":{"line":47,"column":12},"end":{"line":47,"column":18}},"13":{"start":{"line":50,"column":12},"end":{"line":51,"column":46}},"14":{"start":{"line":52,"column":12},"end":{"line":52,"column":18}},"15":{"start":{"line":55,"column":8},"end":{"line":55,"column":35}},"16":{"start":{"line":61,"column":4},"end":{"line":63,"column":9}},"17":{"start":{"line":62,"column":8},"end":{"line":62,"column":15}},"18":{"start":{"line":64,"column":4},"end":{"line":77,"column":5}},"19":{"start":{"line":70,"column":8},"end":{"line":70,"column":14}},"20":{"start":{"line":76,"column":8},"end":{"line":76,"column":14}},"21":{"start":{"line":82,"column":4},"end":{"line":84,"column":9}},"22":{"start":{"line":83,"column":8},"end":{"line":83,"column":15}},"23":{"start":{"line":85,"column":4},"end":{"line":194,"column":5}},"24":{"start":{"line":91,"column":8},"end":{"line":99,"column":10}},"25":{"start":{"line":98,"column":12},"end":{"line":98,"column":35}},"26":{"start":{"line":102,"column":8},"end":{"line":104,"column":63}},"27":{"start":{"line":105,"column":8},"end":{"line":105,"column":14}},"28":{"start":{"line":112,"column":8},"end":{"line":121,"column":10},"skip":true},"29":{"start":{"line":119,"column":12},"end":{"line":119,"column":55},"skip":true},"30":{"start":{"line":120,"column":12},"end":{"line":120,"column":48},"skip":true},"31":{"start":{"line":123,"column":8},"end":{"line":136,"column":10},"skip":true},"32":{"start":{"line":130,"column":12},"end":{"line":130,"column":76},"skip":true},"33":{"start":{"line":131,"column":12},"end":{"line":131,"column":73},"skip":true},"34":{"start":{"line":132,"column":12},"end":{"line":132,"column":74},"skip":true},"35":{"start":{"line":133,"column":12},"end":{"line":133,"column":79},"skip":true},"36":{"start":{"line":134,"column":12},"end":{"line":134,"column":25},"skip":true},"37":{"start":{"line":135,"column":12},"end":{"line":135,"column":45},"skip":true},"38":{"start":{"line":138,"column":8},"end":{"line":145,"column":14},"skip":true},"39":{"start":{"line":143,"column":16},"end":{"line":143,"column":29},"skip":true},"40":{"start":{"line":144,"column":16},"end":{"line":144,"column":55},"skip":true},"41":{"start":{"line":147,"column":8},"end":{"line":156,"column":10},"skip":true},"42":{"start":{"line":154,"column":12},"end":{"line":154,"column":25},"skip":true},"43":{"start":{"line":155,"column":12},"end":{"line":155,"column":45},"skip":true},"44":{"start":{"line":158,"column":8},"end":{"line":167,"column":10},"skip":true},"45":{"start":{"line":165,"column":12},"end":{"line":165,"column":25},"skip":true},"46":{"start":{"line":166,"column":12},"end":{"line":166,"column":48},"skip":true},"47":{"start":{"line":169,"column":8},"end":{"line":178,"column":10},"skip":true},"48":{"start":{"line":176,"column":12},"end":{"line":176,"column":25},"skip":true},"49":{"start":{"line":177,"column":12},"end":{"line":177,"column":46},"skip":true},"50":{"start":{"line":180,"column":8},"end":{"line":189,"column":10},"skip":true},"51":{"start":{"line":187,"column":12},"end":{"line":187,"column":94},"skip":true},"52":{"start":{"line":188,"column":12},"end":{"line":188,"column":48},"skip":true},"53":{"start":{"line":192,"column":8},"end":{"line":192,"column":35},"skip":true},"54":{"start":{"line":193,"column":8},"end":{"line":193,"column":14},"skip":true}},"branchMap":{"1":{"line":25,"type":"binary-expr","locations":[{"start":{"line":25,"column":23},"end":{"line":25,"column":62}},{"start":{"line":26,"column":20},"end":{"line":26,"column":70}},{"start":{"line":27,"column":20},"end":{"line":27,"column":71}},{"start":{"line":28,"column":20},"end":{"line":28,"column":29}}]},"2":{"line":30,"type":"binary-expr","locations":[{"start":{"line":30,"column":23},"end":{"line":30,"column":37}},{"start":{"line":31,"column":20},"end":{"line":31,"column":61}},{"start":{"line":32,"column":20},"end":{"line":32,"column":70}},{"start":{"line":33,"column":20},"end":{"line":33,"column":26}}]},"3":{"line":37,"type":"cond-expr","locations":[{"start":{"line":38,"column":14},"end":{"line":38,"column":20}},{"start":{"line":39,"column":14},"end":{"line":39,"column":20}}]},"4":{"line":40,"type":"switch","locations":[{"start":{"line":42,"column":8},"end":{"line":47,"column":18}},{"start":{"line":49,"column":8},"end":{"line":52,"column":18}}]},"5":{"line":44,"type":"binary-expr","locations":[{"start":{"line":44,"column":16},"end":{"line":44,"column":44}},{"start":{"line":44,"column":48},"end":{"line":44,"column":66}}]},"6":{"line":50,"type":"binary-expr","locations":[{"start":{"line":50,"column":21},"end":{"line":50,"column":49}},{"start":{"line":50,"column":53},"end":{"line":50,"column":72}}]},"7":{"line":64,"type":"switch","locations":[{"start":{"line":69,"column":4},"end":{"line":70,"column":14}},{"start":{"line":75,"column":4},"end":{"line":76,"column":14}}]},"8":{"line":85,"type":"switch","locations":[{"start":{"line":90,"column":4},"end":{"line":105,"column":14}},{"start":{"line":111,"column":4},"end":{"line":193,"column":14},"skip":true}]},"9":{"line":91,"type":"binary-expr","locations":[{"start":{"line":91,"column":42},"end":{"line":91,"column":73}},{"start":{"line":91,"column":77},"end":{"line":99,"column":9}}]},"10":{"line":102,"type":"binary-expr","locations":[{"start":{"line":102,"column":18},"end":{"line":102,"column":32}},{"start":{"line":103,"column":12},"end":{"line":103,"column":53}},{"start":{"line":104,"column":12},"end":{"line":104,"column":61}}]},"11":{"line":112,"type":"binary-expr","locations":[{"start":{"line":112,"column":45},"end":{"line":112,"column":79},"skip":true},{"start":{"line":112,"column":83},"end":{"line":121,"column":9},"skip":true}]},"12":{"line":123,"type":"binary-expr","locations":[{"start":{"line":123,"column":42},"end":{"line":123,"column":73},"skip":true},{"start":{"line":123,"column":77},"end":{"line":136,"column":9},"skip":true}]},"13":{"line":138,"type":"binary-expr","locations":[{"start":{"line":138,"column":48},"end":{"line":138,"column":85},"skip":true},{"start":{"line":139,"column":12},"end":{"line":145,"column":13},"skip":true}]},"14":{"line":147,"type":"binary-expr","locations":[{"start":{"line":147,"column":42},"end":{"line":147,"column":73},"skip":true},{"start":{"line":147,"column":77},"end":{"line":156,"column":9},"skip":true}]},"15":{"line":158,"type":"binary-expr","locations":[{"start":{"line":158,"column":45},"end":{"line":158,"column":79},"skip":true},{"start":{"line":158,"column":83},"end":{"line":167,"column":9},"skip":true}]},"16":{"line":169,"type":"binary-expr","locations":[{"start":{"line":169,"column":43},"end":{"line":169,"column":75},"skip":true},{"start":{"line":169,"column":79},"end":{"line":178,"column":9},"skip":true}]},"17":{"line":180,"type":"binary-expr","locations":[{"start":{"line":180,"column":41},"end":{"line":180,"column":71},"skip":true},{"start":{"line":180,"column":75},"end":{"line":189,"column":9},"skip":true}]}},"code":["/* istanbul instrument in package npmtest_send */","/*jslint","    bitwise: true,","    browser: true,","    maxerr: 8,","    maxlen: 96,","    node: true,","    nomen: true,","    regexp: true,","    stupid: true","*/","(function () {","    'use strict';","    var local;","","","","    // run shared js-env code - pre-init","    (function () {","        // init local","        local = {};","        // init modeJs","        local.modeJs = (function () {","            try {","                return typeof navigator.userAgent === 'string' &&","                    typeof document.querySelector('body') === 'object' &&","                    typeof XMLHttpRequest.prototype.open === 'function' &&","                    'browser';","            } catch (errorCaughtBrowser) {","                return module.exports &&","                    typeof process.versions.node === 'string' &&","                    typeof require('http').createServer === 'function' &&","                    'node';","            }","        }());","        // init global","        local.global = local.modeJs === 'browser'","            ? window","            : global;","        switch (local.modeJs) {","        // re-init local from window.local","        case 'browser':","            local = local.global.utility2.objectSetDefault(","                local.global.utility2_rollup || local.global.local,","                local.global.utility2","            );","            break;","        // re-init local from example.js","        case 'node':","            local = (local.global.utility2_rollup || require('utility2'))","                .requireExampleJsFromReadme();","            break;","        }","        // export local","        local.global.local = local;","    }());","","","","    // run shared js-env code - function","    (function () {","        return;","    }());","    switch (local.modeJs) {","","","","    // run browser js-env code - function","    case 'browser':","        break;","","","","    // run node js-env code - function","    case 'node':","        break;","    }","","","","    // run shared js-env code - post-init","    (function () {","        return;","    }());","    switch (local.modeJs) {","","","","    // run browser js-env code - post-init","    case 'browser':","        local.testCase_browser_nullCase = local.testCase_browser_nullCase || function (","            options,","            onError","        ) {","        /*","         * this function will test browsers's null-case handling-behavior-behavior","         */","            onError(null, options);","        };","","        // run tests","        local.nop(local.modeTest &&","            document.querySelector('#testRunButton1') &&","            document.querySelector('#testRunButton1').click());","        break;","","","","    // run node js-env code - post-init","    /* istanbul ignore next */","    case 'node':","        local.testCase_buildApidoc_default = local.testCase_buildApidoc_default || function (","            options,","            onError","        ) {","        /*","         * this function will test buildApidoc's default handling-behavior-behavior","         */","            options = { modulePathList: module.paths };","            local.buildApidoc(options, onError);","        };","","        local.testCase_buildApp_default = local.testCase_buildApp_default || function (","            options,","            onError","        ) {","        /*","         * this function will test buildApp's default handling-behavior-behavior","         */","            local.testCase_buildReadme_default(options, local.onErrorThrow);","            local.testCase_buildLib_default(options, local.onErrorThrow);","            local.testCase_buildTest_default(options, local.onErrorThrow);","            local.testCase_buildCustomOrg_default(options, local.onErrorThrow);","            options = [];","            local.buildApp(options, onError);","        };","","        local.testCase_buildCustomOrg_default = local.testCase_buildCustomOrg_default ||","            function (options, onError) {","            /*","             * this function will test buildCustomOrg's default handling-behavior","             */","                options = {};","                local.buildCustomOrg(options, onError);","            };","","        local.testCase_buildLib_default = local.testCase_buildLib_default || function (","            options,","            onError","        ) {","        /*","         * this function will test buildLib's default handling-behavior","         */","            options = {};","            local.buildLib(options, onError);","        };","","        local.testCase_buildReadme_default = local.testCase_buildReadme_default || function (","            options,","            onError","        ) {","        /*","         * this function will test buildReadme's default handling-behavior-behavior","         */","            options = {};","            local.buildReadme(options, onError);","        };","","        local.testCase_buildTest_default = local.testCase_buildTest_default || function (","            options,","            onError","        ) {","        /*","         * this function will test buildTest's default handling-behavior","         */","            options = {};","            local.buildTest(options, onError);","        };","","        local.testCase_webpage_default = local.testCase_webpage_default || function (","            options,","            onError","        ) {","        /*","         * this function will test webpage's default handling-behavior","         */","            options = { modeCoverageMerge: true, url: local.serverLocalHost + '?modeTest=1' };","            local.browserTest(options, onError);","        };","","        // run test-server","        local.testRunServer(local);","        break;","    }","}());",""],"l":{"12":2,"14":2,"19":2,"21":2,"23":2,"24":2,"25":2,"30":1,"37":2,"40":2,"43":1,"47":1,"50":1,"52":1,"55":2,"61":2,"62":2,"64":2,"70":1,"76":1,"82":2,"83":2,"85":2,"91":1,"98":1,"102":1,"105":1,"112":1,"119":1,"120":1,"123":1,"130":1,"131":1,"132":1,"133":1,"134":1,"135":1,"138":1,"143":2,"144":2,"147":1,"154":2,"155":2,"158":1,"165":2,"166":2,"169":1,"176":2,"177":2,"180":1,"187":1,"188":1,"192":1,"193":1}},"/home/travis/build/npmtest/node-npmtest-send/lib.npmtest_send.js":{"path":"/home/travis/build/npmtest/node-npmtest-send/lib.npmtest_send.js","s":{"1":2,"2":2,"3":2,"4":2,"5":2,"6":2,"7":2,"8":1,"9":2,"10":2,"11":2,"12":2,"13":1,"14":1,"15":1,"16":1},"b":{"1":[2,1,1,1],"2":[1,1,1,1],"3":[1,1],"4":[2,2],"5":[1,1]},"f":{"1":2,"2":2,"3":2},"fnMap":{"1":{"name":"(anonymous_1)","line":12,"loc":{"start":{"line":12,"column":1},"end":{"line":12,"column":13}}},"2":{"name":"(anonymous_2)","line":19,"loc":{"start":{"line":19,"column":5},"end":{"line":19,"column":17}}},"3":{"name":"(anonymous_3)","line":23,"loc":{"start":{"line":23,"column":24},"end":{"line":23,"column":36}}}},"statementMap":{"1":{"start":{"line":12,"column":0},"end":{"line":53,"column":5}},"2":{"start":{"line":14,"column":4},"end":{"line":14,"column":14}},"3":{"start":{"line":19,"column":4},"end":{"line":52,"column":9}},"4":{"start":{"line":21,"column":8},"end":{"line":21,"column":19}},"5":{"start":{"line":23,"column":8},"end":{"line":35,"column":13}},"6":{"start":{"line":24,"column":12},"end":{"line":34,"column":13}},"7":{"start":{"line":25,"column":16},"end":{"line":28,"column":30}},"8":{"start":{"line":30,"column":16},"end":{"line":33,"column":27}},"9":{"start":{"line":37,"column":8},"end":{"line":39,"column":21}},"10":{"start":{"line":41,"column":8},"end":{"line":41,"column":54}},"11":{"start":{"line":43,"column":8},"end":{"line":43,"column":49}},"12":{"start":{"line":45,"column":8},"end":{"line":51,"column":9}},"13":{"start":{"line":46,"column":12},"end":{"line":46,"column":55}},"14":{"start":{"line":48,"column":12},"end":{"line":48,"column":35}},"15":{"start":{"line":49,"column":12},"end":{"line":49,"column":49}},"16":{"start":{"line":50,"column":12},"end":{"line":50,"column":43}}},"branchMap":{"1":{"line":25,"type":"binary-expr","locations":[{"start":{"line":25,"column":23},"end":{"line":25,"column":62}},{"start":{"line":26,"column":20},"end":{"line":26,"column":70}},{"start":{"line":27,"column":20},"end":{"line":27,"column":71}},{"start":{"line":28,"column":20},"end":{"line":28,"column":29}}]},"2":{"line":30,"type":"binary-expr","locations":[{"start":{"line":30,"column":23},"end":{"line":30,"column":37}},{"start":{"line":31,"column":20},"end":{"line":31,"column":61}},{"start":{"line":32,"column":20},"end":{"line":32,"column":70}},{"start":{"line":33,"column":20},"end":{"line":33,"column":26}}]},"3":{"line":37,"type":"cond-expr","locations":[{"start":{"line":38,"column":14},"end":{"line":38,"column":20}},{"start":{"line":39,"column":14},"end":{"line":39,"column":20}}]},"4":{"line":41,"type":"binary-expr","locations":[{"start":{"line":41,"column":16},"end":{"line":41,"column":44}},{"start":{"line":41,"column":48},"end":{"line":41,"column":53}}]},"5":{"line":45,"type":"if","locations":[{"start":{"line":45,"column":8},"end":{"line":45,"column":8}},{"start":{"line":45,"column":8},"end":{"line":45,"column":8}}]}},"code":["/* istanbul instrument in package npmtest_send */","/*jslint","    bitwise: true,","    browser: true,","    maxerr: 8,","    maxlen: 96,","    node: true,","    nomen: true,","    regexp: true,","    stupid: true","*/","(function () {","    'use strict';","    var local;","","","","    // run shared js-env code - pre-init","    (function () {","        // init local","        local = {};","        // init modeJs","        local.modeJs = (function () {","            try {","                return typeof navigator.userAgent === 'string' &&","                    typeof document.querySelector('body') === 'object' &&","                    typeof XMLHttpRequest.prototype.open === 'function' &&","                    'browser';","            } catch (errorCaughtBrowser) {","                return module.exports &&","                    typeof process.versions.node === 'string' &&","                    typeof require('http').createServer === 'function' &&","                    'node';","            }","        }());","        // init global","        local.global = local.modeJs === 'browser'","            ? window","            : global;","        // init utility2_rollup","        local = local.global.utility2_rollup || local;","        // init lib","        local.local = local.npmtest_send = local;","        // init exports","        if (local.modeJs === 'browser') {","            local.global.utility2_npmtest_send = local;","        } else {","            module.exports = local;","            module.exports.__dirname = __dirname;","            module.exports.module = module;","        }","    }());","}());",""],"l":{"12":2,"14":2,"19":2,"21":2,"23":2,"24":2,"25":2,"30":1,"37":2,"41":2,"43":2,"45":2,"46":1,"48":1,"49":1,"50":1}},"/home/travis/build/npmtest/node-npmtest-send/example.js":{"path":"/home/travis/build/npmtest/node-npmtest-send/example.js","s":{"1":2,"2":2,"3":2,"4":2,"5":2,"6":2,"7":2,"8":1,"9":2,"10":2,"11":2,"12":2,"13":1,"14":2,"15":2,"16":2,"17":2,"18":2,"19":0,"20":2,"21":1,"22":1,"23":1,"24":1,"25":1,"26":0,"27":0,"28":1,"29":1,"30":2,"31":0,"32":0,"33":0,"34":1,"35":2,"36":2,"37":3,"38":3,"39":3,"40":3,"41":0,"42":3,"43":3,"44":3,"45":1,"46":3,"47":1,"48":1,"49":1,"50":1,"51":1,"52":1,"53":1,"54":1,"55":1,"56":1,"57":0,"58":1,"59":6,"60":6,"61":1,"62":2,"63":0,"64":2,"65":1,"66":1,"67":0,"68":0,"69":0,"70":0,"71":0,"72":0,"73":0,"74":0,"75":0,"76":0,"77":0,"78":0,"79":0,"80":0,"81":0,"82":0,"83":0},"b":{"1":[2,1,1,1],"2":[1,1,1,1],"3":[1,1],"4":[2,2],"5":[1,1],"6":[1,1],"7":[2,0],"8":[2,1,1,1,1,1],"9":[0,2,0],"10":[1,1],"11":[2,1,1],"12":[1,0],"13":[0,2],"14":[2,0,0,0,0,0,0],"15":[0,3],"16":[3,0],"17":[1,1],"18":[0,1],"19":[1,2,0,2],"20":[1,0],"21":[1,1],"22":[0,0],"23":[0,0],"24":[0,0],"25":[0,0],"26":[0,0],"27":[0,0],"28":[0,0]},"f":{"1":2,"2":2,"3":2,"4":2,"5":2,"6":2,"7":3,"8":3,"9":3,"10":1,"11":6,"12":0},"fnMap":{"1":{"name":"(anonymous_1)","line":26,"loc":{"start":{"line":26,"column":1},"end":{"line":26,"column":13}}},"2":{"name":"(anonymous_2)","line":33,"loc":{"start":{"line":33,"column":5},"end":{"line":33,"column":17}}},"3":{"name":"(anonymous_3)","line":37,"loc":{"start":{"line":37,"column":24},"end":{"line":37,"column":36}}},"4":{"name":"(anonymous_4)","line":69,"loc":{"start":{"line":69,"column":31},"end":{"line":69,"column":48}},"skip":true},"5":{"name":"(anonymous_5)","line":78,"loc":{"start":{"line":78,"column":26},"end":{"line":78,"column":45}},"skip":true},"6":{"name":"(anonymous_6)","line":123,"loc":{"start":{"line":123,"column":33},"end":{"line":123,"column":48}},"skip":true},"7":{"name":"(anonymous_7)","line":125,"loc":{"start":{"line":125,"column":27},"end":{"line":125,"column":39}},"skip":true},"8":{"name":"(anonymous_8)","line":133,"loc":{"start":{"line":133,"column":59},"end":{"line":133,"column":74}},"skip":true},"9":{"name":"(anonymous_9)","line":143,"loc":{"start":{"line":143,"column":45},"end":{"line":143,"column":62}},"skip":true},"10":{"name":"(anonymous_10)","line":144,"loc":{"start":{"line":144,"column":73},"end":{"line":144,"column":92}},"skip":true},"11":{"name":"(anonymous_11)","line":272,"loc":{"start":{"line":272,"column":51},"end":{"line":272,"column":77}},"skip":true},"12":{"name":"(anonymous_12)","line":315,"loc":{"start":{"line":315,"column":32},"end":{"line":315,"column":61}},"skip":true}},"statementMap":{"1":{"start":{"line":26,"column":0},"end":{"line":326,"column":5}},"2":{"start":{"line":28,"column":4},"end":{"line":28,"column":14}},"3":{"start":{"line":33,"column":4},"end":{"line":60,"column":9}},"4":{"start":{"line":35,"column":8},"end":{"line":35,"column":19}},"5":{"start":{"line":37,"column":8},"end":{"line":49,"column":13}},"6":{"start":{"line":38,"column":12},"end":{"line":48,"column":13}},"7":{"start":{"line":39,"column":16},"end":{"line":42,"column":30}},"8":{"start":{"line":44,"column":16},"end":{"line":47,"column":27}},"9":{"start":{"line":51,"column":8},"end":{"line":53,"column":21}},"10":{"start":{"line":55,"column":8},"end":{"line":57,"column":45}},"11":{"start":{"line":59,"column":8},"end":{"line":59,"column":35}},"12":{"start":{"line":61,"column":4},"end":{"line":325,"column":5}},"13":{"start":{"line":69,"column":8},"end":{"line":121,"column":10},"skip":true},"14":{"start":{"line":70,"column":12},"end":{"line":88,"column":13},"skip":true},"15":{"start":{"line":76,"column":16},"end":{"line":87,"column":19},"skip":true},"16":{"start":{"line":79,"column":20},"end":{"line":86,"column":21},"skip":true},"17":{"start":{"line":82,"column":24},"end":{"line":82,"column":43},"skip":true},"18":{"start":{"line":83,"column":24},"end":{"line":83,"column":30},"skip":true},"19":{"start":{"line":85,"column":24},"end":{"line":85,"column":49},"skip":true},"20":{"start":{"line":89,"column":12},"end":{"line":107,"column":13},"skip":true},"21":{"start":{"line":92,"column":16},"end":{"line":102,"column":17},"skip":true},"22":{"start":{"line":93,"column":20},"end":{"line":93,"column":86},"skip":true},"23":{"start":{"line":94,"column":20},"end":{"line":95,"column":45},"skip":true},"24":{"start":{"line":96,"column":20},"end":{"line":96,"column":42},"skip":true},"25":{"start":{"line":97,"column":20},"end":{"line":97,"column":48},"skip":true},"26":{"start":{"line":100,"column":20},"end":{"line":100,"column":85},"skip":true},"27":{"start":{"line":101,"column":20},"end":{"line":101,"column":96},"skip":true},"28":{"start":{"line":103,"column":16},"end":{"line":103,"column":22},"skip":true},"29":{"start":{"line":106,"column":16},"end":{"line":106,"column":22},"skip":true},"30":{"start":{"line":108,"column":12},"end":{"line":120,"column":13},"skip":true},"31":{"start":{"line":114,"column":16},"end":{"line":119,"column":17},"skip":true},"32":{"start":{"line":116,"column":20},"end":{"line":116,"column":78},"skip":true},"33":{"start":{"line":118,"column":20},"end":{"line":118,"column":47},"skip":true},"34":{"start":{"line":123,"column":8},"end":{"line":141,"column":11},"skip":true},"35":{"start":{"line":124,"column":12},"end":{"line":124,"column":54},"skip":true},"36":{"start":{"line":125,"column":12},"end":{"line":140,"column":14},"skip":true},"37":{"start":{"line":126,"column":16},"end":{"line":126,"column":28},"skip":true},"38":{"start":{"line":127,"column":16},"end":{"line":127,"column":69},"skip":true},"39":{"start":{"line":128,"column":16},"end":{"line":128,"column":75},"skip":true},"40":{"start":{"line":129,"column":16},"end":{"line":131,"column":17},"skip":true},"41":{"start":{"line":130,"column":20},"end":{"line":130,"column":27},"skip":true},"42":{"start":{"line":133,"column":16},"end":{"line":137,"column":36},"skip":true},"43":{"start":{"line":134,"column":20},"end":{"line":136,"column":55},"skip":true},"44":{"start":{"line":139,"column":16},"end":{"line":139,"column":57},"skip":true},"45":{"start":{"line":143,"column":8},"end":{"line":147,"column":11},"skip":true},"46":{"start":{"line":144,"column":12},"end":{"line":146,"column":15},"skip":true},"47":{"start":{"line":145,"column":16},"end":{"line":145,"column":70},"skip":true},"48":{"start":{"line":149,"column":8},"end":{"line":149,"column":31},"skip":true},"49":{"start":{"line":150,"column":8},"end":{"line":150,"column":14},"skip":true},"50":{"start":{"line":158,"column":8},"end":{"line":158,"column":31},"skip":true},"51":{"start":{"line":160,"column":8},"end":{"line":160,"column":33},"skip":true},"52":{"start":{"line":161,"column":8},"end":{"line":161,"column":37},"skip":true},"53":{"start":{"line":162,"column":8},"end":{"line":162,"column":35},"skip":true},"54":{"start":{"line":164,"column":8},"end":{"line":164,"column":50},"skip":true},"55":{"start":{"line":166,"column":8},"end":{"line":256,"column":2},"skip":true},"56":{"start":{"line":258,"column":8},"end":{"line":286,"column":9},"skip":true},"57":{"start":{"line":259,"column":12},"end":{"line":269,"column":14},"skip":true},"58":{"start":{"line":271,"column":12},"end":{"line":285,"column":19},"skip":true},"59":{"start":{"line":274,"column":20},"end":{"line":274,"column":35},"skip":true},"60":{"start":{"line":275,"column":20},"end":{"line":284,"column":21},"skip":true},"61":{"start":{"line":277,"column":24},"end":{"line":277,"column":64},"skip":true},"62":{"start":{"line":279,"column":24},"end":{"line":279,"column":40},"skip":true},"63":{"start":{"line":281,"column":24},"end":{"line":281,"column":40},"skip":true},"64":{"start":{"line":283,"column":24},"end":{"line":283,"column":39},"skip":true},"65":{"start":{"line":288,"column":8},"end":{"line":290,"column":9},"skip":true},"66":{"start":{"line":289,"column":12},"end":{"line":289,"column":18},"skip":true},"67":{"start":{"line":291,"column":8},"end":{"line":293,"column":54},"skip":true},"68":{"start":{"line":296,"column":8},"end":{"line":301,"column":37},"skip":true},"69":{"start":{"line":303,"column":8},"end":{"line":303,"column":82},"skip":true},"70":{"start":{"line":306,"column":8},"end":{"line":308,"column":9},"skip":true},"71":{"start":{"line":307,"column":12},"end":{"line":307,"column":82},"skip":true},"72":{"start":{"line":310,"column":8},"end":{"line":312,"column":9},"skip":true},"73":{"start":{"line":311,"column":12},"end":{"line":311,"column":18},"skip":true},"74":{"start":{"line":313,"column":8},"end":{"line":313,"column":54},"skip":true},"75":{"start":{"line":314,"column":8},"end":{"line":314,"column":69},"skip":true},"76":{"start":{"line":315,"column":8},"end":{"line":323,"column":36},"skip":true},"77":{"start":{"line":316,"column":12},"end":{"line":316,"column":61},"skip":true},"78":{"start":{"line":317,"column":12},"end":{"line":320,"column":13},"skip":true},"79":{"start":{"line":318,"column":16},"end":{"line":318,"column":75},"skip":true},"80":{"start":{"line":319,"column":16},"end":{"line":319,"column":23},"skip":true},"81":{"start":{"line":321,"column":12},"end":{"line":321,"column":38},"skip":true},"82":{"start":{"line":322,"column":12},"end":{"line":322,"column":27},"skip":true},"83":{"start":{"line":324,"column":8},"end":{"line":324,"column":14},"skip":true}},"branchMap":{"1":{"line":39,"type":"binary-expr","locations":[{"start":{"line":39,"column":23},"end":{"line":39,"column":62}},{"start":{"line":40,"column":20},"end":{"line":40,"column":70}},{"start":{"line":41,"column":20},"end":{"line":41,"column":71}},{"start":{"line":42,"column":20},"end":{"line":42,"column":29}}]},"2":{"line":44,"type":"binary-expr","locations":[{"start":{"line":44,"column":23},"end":{"line":44,"column":37}},{"start":{"line":45,"column":20},"end":{"line":45,"column":61}},{"start":{"line":46,"column":20},"end":{"line":46,"column":70}},{"start":{"line":47,"column":20},"end":{"line":47,"column":26}}]},"3":{"line":51,"type":"cond-expr","locations":[{"start":{"line":52,"column":14},"end":{"line":52,"column":20}},{"start":{"line":53,"column":14},"end":{"line":53,"column":20}}]},"4":{"line":55,"type":"binary-expr","locations":[{"start":{"line":55,"column":16},"end":{"line":55,"column":44}},{"start":{"line":55,"column":49},"end":{"line":57,"column":43}}]},"5":{"line":55,"type":"cond-expr","locations":[{"start":{"line":56,"column":14},"end":{"line":56,"column":48}},{"start":{"line":57,"column":14},"end":{"line":57,"column":43}}]},"6":{"line":61,"type":"switch","locations":[{"start":{"line":68,"column":4},"end":{"line":150,"column":14},"skip":true},{"start":{"line":156,"column":4},"end":{"line":324,"column":14},"skip":true}]},"7":{"line":70,"type":"if","locations":[{"start":{"line":70,"column":12},"end":{"line":70,"column":12},"skip":true},{"start":{"line":70,"column":12},"end":{"line":70,"column":12},"skip":true}]},"8":{"line":70,"type":"binary-expr","locations":[{"start":{"line":70,"column":16},"end":{"line":70,"column":22},"skip":true},{"start":{"line":70,"column":27},"end":{"line":70,"column":32},"skip":true},{"start":{"line":71,"column":20},"end":{"line":71,"column":39},"skip":true},{"start":{"line":72,"column":20},"end":{"line":72,"column":49},"skip":true},{"start":{"line":73,"column":20},"end":{"line":73,"column":58},"skip":true},{"start":{"line":74,"column":20},"end":{"line":74,"column":69},"skip":true}]},"9":{"line":79,"type":"switch","locations":[{"start":{"line":80,"column":20},"end":{"line":80,"column":33},"skip":true},{"start":{"line":81,"column":20},"end":{"line":83,"column":30},"skip":true},{"start":{"line":84,"column":20},"end":{"line":85,"column":49},"skip":true}]},"10":{"line":89,"type":"switch","locations":[{"start":{"line":90,"column":12},"end":{"line":103,"column":22},"skip":true},{"start":{"line":105,"column":12},"end":{"line":106,"column":22},"skip":true}]},"11":{"line":89,"type":"binary-expr","locations":[{"start":{"line":89,"column":20},"end":{"line":89,"column":25},"skip":true},{"start":{"line":89,"column":29},"end":{"line":89,"column":48},"skip":true},{"start":{"line":89,"column":52},"end":{"line":89,"column":74},"skip":true}]},"12":{"line":92,"type":"if","locations":[{"start":{"line":92,"column":16},"end":{"line":92,"column":16},"skip":true},{"start":{"line":92,"column":16},"end":{"line":92,"column":16},"skip":true}]},"13":{"line":108,"type":"if","locations":[{"start":{"line":108,"column":12},"end":{"line":108,"column":12},"skip":true},{"start":{"line":108,"column":12},"end":{"line":108,"column":12},"skip":true}]},"14":{"line":108,"type":"binary-expr","locations":[{"start":{"line":108,"column":16},"end":{"line":108,"column":61},"skip":true},{"start":{"line":108,"column":66},"end":{"line":108,"column":72},"skip":true},{"start":{"line":108,"column":77},"end":{"line":108,"column":82},"skip":true},{"start":{"line":109,"column":20},"end":{"line":109,"column":39},"skip":true},{"start":{"line":110,"column":20},"end":{"line":110,"column":49},"skip":true},{"start":{"line":111,"column":20},"end":{"line":111,"column":58},"skip":true},{"start":{"line":112,"column":20},"end":{"line":112,"column":68},"skip":true}]},"15":{"line":129,"type":"if","locations":[{"start":{"line":129,"column":16},"end":{"line":129,"column":16},"skip":true},{"start":{"line":129,"column":16},"end":{"line":129,"column":16},"skip":true}]},"16":{"line":134,"type":"cond-expr","locations":[{"start":{"line":135,"column":26},"end":{"line":135,"column":29},"skip":true},{"start":{"line":136,"column":26},"end":{"line":136,"column":54},"skip":true}]},"17":{"line":164,"type":"binary-expr","locations":[{"start":{"line":164,"column":27},"end":{"line":164,"column":43},"skip":true},{"start":{"line":164,"column":47},"end":{"line":164,"column":49},"skip":true}]},"18":{"line":258,"type":"if","locations":[{"start":{"line":258,"column":8},"end":{"line":258,"column":8},"skip":true},{"start":{"line":258,"column":8},"end":{"line":258,"column":8},"skip":true}]},"19":{"line":275,"type":"switch","locations":[{"start":{"line":276,"column":20},"end":{"line":277,"column":64},"skip":true},{"start":{"line":278,"column":20},"end":{"line":279,"column":40},"skip":true},{"start":{"line":280,"column":20},"end":{"line":281,"column":40},"skip":true},{"start":{"line":282,"column":20},"end":{"line":283,"column":39},"skip":true}]},"20":{"line":288,"type":"if","locations":[{"start":{"line":288,"column":8},"end":{"line":288,"column":8},"skip":true},{"start":{"line":288,"column":8},"end":{"line":288,"column":8},"skip":true}]},"21":{"line":288,"type":"binary-expr","locations":[{"start":{"line":288,"column":12},"end":{"line":288,"column":40},"skip":true},{"start":{"line":288,"column":44},"end":{"line":288,"column":67},"skip":true}]},"22":{"line":292,"type":"binary-expr","locations":[{"start":{"line":292,"column":12},"end":{"line":292,"column":50},"skip":true},{"start":{"line":293,"column":12},"end":{"line":293,"column":53},"skip":true}]},"23":{"line":297,"type":"binary-expr","locations":[{"start":{"line":297,"column":12},"end":{"line":297,"column":62},"skip":true},{"start":{"line":298,"column":12},"end":{"line":301,"column":36},"skip":true}]},"24":{"line":303,"type":"binary-expr","locations":[{"start":{"line":303,"column":43},"end":{"line":303,"column":75},"skip":true},{"start":{"line":303,"column":79},"end":{"line":303,"column":81},"skip":true}]},"25":{"line":306,"type":"if","locations":[{"start":{"line":306,"column":8},"end":{"line":306,"column":8},"skip":true},{"start":{"line":306,"column":8},"end":{"line":306,"column":8},"skip":true}]},"26":{"line":310,"type":"if","locations":[{"start":{"line":310,"column":8},"end":{"line":310,"column":8},"skip":true},{"start":{"line":310,"column":8},"end":{"line":310,"column":8},"skip":true}]},"27":{"line":313,"type":"binary-expr","locations":[{"start":{"line":313,"column":27},"end":{"line":313,"column":43},"skip":true},{"start":{"line":313,"column":47},"end":{"line":313,"column":53},"skip":true}]},"28":{"line":317,"type":"if","locations":[{"start":{"line":317,"column":12},"end":{"line":317,"column":12},"skip":true},{"start":{"line":317,"column":12},"end":{"line":317,"column":12},"skip":true}]}},"code":["/*","example.js","","quickstart example","","instruction","    1. save this script as example.js","    2. run the shell command:","        $ npm install npmtest-send && PORT=8081 node example.js","    3. play with the browser-demo on http://127.0.0.1:8081","*/","","","","/* istanbul instrument in package npmtest_send */","/*jslint","    bitwise: true,","    browser: true,","    maxerr: 8,","    maxlen: 96,","    node: true,","    nomen: true,","    regexp: true,","    stupid: true","*/","(function () {","    'use strict';","    var local;","","","","    // run shared js-env code - pre-init","    (function () {","        // init local","        local = {};","        // init modeJs","        local.modeJs = (function () {","            try {","                return typeof navigator.userAgent === 'string' &&","                    typeof document.querySelector('body') === 'object' &&","                    typeof XMLHttpRequest.prototype.open === 'function' &&","                    'browser';","            } catch (errorCaughtBrowser) {","                return module.exports &&","                    typeof process.versions.node === 'string' &&","                    typeof require('http').createServer === 'function' &&","                    'node';","            }","        }());","        // init global","        local.global = local.modeJs === 'browser'","            ? window","            : global;","        // init utility2_rollup","        local = local.global.utility2_rollup || (local.modeJs === 'browser'","            ? local.global.utility2_npmtest_send","            : global.utility2_moduleExports);","        // export local","        local.global.local = local;","    }());","    switch (local.modeJs) {","","","","    // post-init","    // run browser js-env code - post-init","    /* istanbul ignore next */","    case 'browser':","        local.testRunBrowser = function (event) {","            if (!event || (event &&","                    event.currentTarget &&","                    event.currentTarget.className &&","                    event.currentTarget.className.includes &&","                    event.currentTarget.className.includes('onreset'))) {","                // reset output","                Array.from(","                    document.querySelectorAll('body > .resettable')","                ).forEach(function (element) {","                    switch (element.tagName) {","                    case 'INPUT':","                    case 'TEXTAREA':","                        element.value = '';","                        break;","                    default:","                        element.textContent = '';","                    }","                });","            }","            switch (event && event.currentTarget && event.currentTarget.id) {","            case 'testRunButton1':","                // show tests","                if (document.querySelector('#testReportDiv1').style.display === 'none') {","                    document.querySelector('#testReportDiv1').style.display = 'block';","                    document.querySelector('#testRunButton1').textContent =","                        'hide internal test';","                    local.modeTest = true;","                    local.testRunDefault(local);","                // hide tests","                } else {","                    document.querySelector('#testReportDiv1').style.display = 'none';","                    document.querySelector('#testRunButton1').textContent = 'run internal test';","                }","                break;","            // custom-case","            default:","                break;","            }","            if (document.querySelector('#inputTextareaEval1') && (!event || (event &&","                    event.currentTarget &&","                    event.currentTarget.className &&","                    event.currentTarget.className.includes &&","                    event.currentTarget.className.includes('oneval')))) {","                // try to eval input-code","                try {","                    /*jslint evil: true*/","                    eval(document.querySelector('#inputTextareaEval1').value);","                } catch (errorCaught) {","                    console.error(errorCaught);","                }","            }","        };","        // log stderr and stdout to #outputTextareaStdout1","        ['error', 'log'].forEach(function (key) {","            console[key + '_original'] = console[key];","            console[key] = function () {","                var element;","                console[key + '_original'].apply(console, arguments);","                element = document.querySelector('#outputTextareaStdout1');","                if (!element) {","                    return;","                }","                // append text to #outputTextareaStdout1","                element.value += Array.from(arguments).map(function (arg) {","                    return typeof arg === 'string'","                        ? arg","                        : JSON.stringify(arg, null, 4);","                }).join(' ') + '\\n';","                // scroll textarea to bottom","                element.scrollTop = element.scrollHeight;","            };","        });","        // init event-handling","        ['change', 'click', 'keyup'].forEach(function (event) {","            Array.from(document.querySelectorAll('.on' + event)).forEach(function (element) {","                element.addEventListener(event, local.testRunBrowser);","            });","        });","        // run tests","        local.testRunBrowser();","        break;","","","","    // run node js-env code - post-init","    /* istanbul ignore next */","    case 'node':","        // export local","        module.exports = local;","        // require modules","        local.fs = require('fs');","        local.http = require('http');","        local.url = require('url');","        // init assets","        local.assetsDict = local.assetsDict || {};","        /* jslint-ignore-begin */","        local.assetsDict['/assets.index.template.html'] = '\\","<!doctype html>\\n\\","<html lang=\"en\">\\n\\","<head>\\n\\","<meta charset=\"UTF-8\">\\n\\","<meta name=\"viewport\" content=\"width=device-width, initial-scale=1\">\\n\\","<title>{{env.npm_package_name}} (v{{env.npm_package_version}})</title>\\n\\","<style>\\n\\","/*csslint\\n\\","    box-sizing: false,\\n\\","    universal-selector: false\\n\\","*/\\n\\","* {\\n\\","    box-sizing: border-box;\\n\\","}\\n\\","body {\\n\\","    background: #dde;\\n\\","    font-family: Arial, Helvetica, sans-serif;\\n\\","    margin: 2rem;\\n\\","}\\n\\","body > * {\\n\\","    margin-bottom: 1rem;\\n\\","}\\n\\",".utility2FooterDiv {\\n\\","    margin-top: 20px;\\n\\","    text-align: center;\\n\\","}\\n\\","</style>\\n\\","<style>\\n\\","/*csslint\\n\\","*/\\n\\","textarea {\\n\\","    font-family: monospace;\\n\\","    height: 10rem;\\n\\","    width: 100%;\\n\\","}\\n\\","textarea[readonly] {\\n\\","    background: #ddd;\\n\\","}\\n\\","</style>\\n\\","</head>\\n\\","<body>\\n\\","<!-- utility2-comment\\n\\","<div id=\"ajaxProgressDiv1\" style=\"background: #d00; height: 2px; left: 0; margin: 0; padding: 0; position: fixed; top: 0; transition: background 0.5s, width 1.5s; width: 25%;\"></div>\\n\\","utility2-comment -->\\n\\","<h1>\\n\\","<!-- utility2-comment\\n\\","    <a\\n\\","        {{#if env.npm_package_homepage}}\\n\\","        href=\"{{env.npm_package_homepage}}\"\\n\\","        {{/if env.npm_package_homepage}}\\n\\","        target=\"_blank\"\\n\\","    >\\n\\","utility2-comment -->\\n\\","        {{env.npm_package_name}} (v{{env.npm_package_version}})\\n\\","<!-- utility2-comment\\n\\","    </a>\\n\\","utility2-comment -->\\n\\","</h1>\\n\\","<h3>{{env.npm_package_description}}</h3>\\n\\","<!-- utility2-comment\\n\\","<h4><a download href=\"assets.app.js\">download standalone app</a></h4>\\n\\","<button class=\"onclick onreset\" id=\"testRunButton1\">run internal test</button><br>\\n\\","<div id=\"testReportDiv1\" style=\"display: none;\"></div>\\n\\","utility2-comment -->\\n\\","\\n\\","\\n\\","\\n\\","<label>stderr and stdout</label>\\n\\","<textarea class=\"resettable\" id=\"outputTextareaStdout1\" readonly></textarea>\\n\\","<!-- utility2-comment\\n\\","{{#if isRollup}}\\n\\","<script src=\"assets.app.js\"></script>\\n\\","{{#unless isRollup}}\\n\\","utility2-comment -->\\n\\","<script src=\"assets.utility2.rollup.js\"></script>\\n\\","<script src=\"jsonp.utility2._stateInit?callback=window.utility2._stateInit\"></script>\\n\\","<script src=\"assets.npmtest_send.rollup.js\"></script>\\n\\","<script src=\"assets.example.js\"></script>\\n\\","<script src=\"assets.test.js\"></script>\\n\\","<!-- utility2-comment\\n\\","{{/if isRollup}}\\n\\","utility2-comment -->\\n\\","<div class=\"utility2FooterDiv\">\\n\\","    [ this app was created with\\n\\","    <a href=\"https://github.com/kaizhu256/node-utility2\" target=\"_blank\">utility2</a>\\n\\","    ]\\n\\","</div>\\n\\","</body>\\n\\","</html>\\n\\","';","        /* jslint-ignore-end */","        if (local.templateRender) {","            local.assetsDict['/'] = local.templateRender(","                local.assetsDict['/assets.index.template.html'],","                {","                    env: local.objectSetDefault(local.env, {","                        npm_package_description: 'the greatest app in the world!',","                        npm_package_name: 'my-app',","                        npm_package_nameAlias: 'my_app',","                        npm_package_version: '0.0.1'","                    })","                }","            );","        } else {","            local.assetsDict['/'] = local.assetsDict['/assets.index.template.html']","                .replace((/\\{\\{env\\.(\\w+?)\\}\\}/g), function (match0, match1) {","                    // jslint-hack","                    String(match0);","                    switch (match1) {","                    case 'npm_package_description':","                        return 'the greatest app in the world!';","                    case 'npm_package_name':","                        return 'my-app';","                    case 'npm_package_nameAlias':","                        return 'my_app';","                    case 'npm_package_version':","                        return '0.0.1';","                    }","                });","        }","        // run the cli","        if (local.global.utility2_rollup || module !== require.main) {","            break;","        }","        local.assetsDict['/assets.example.js'] =","            local.assetsDict['/assets.example.js'] ||","            local.fs.readFileSync(__filename, 'utf8');","        // bug-workaround - long $npm_package_buildCustomOrg","        /* jslint-ignore-begin */","        local.assetsDict['/assets.npmtest_send.rollup.js'] =","            local.assetsDict['/assets.npmtest_send.rollup.js'] ||","            local.fs.readFileSync(","                local.npmtest_send.__dirname + '/lib.npmtest_send.js',","                'utf8'","            ).replace((/^#!/), '//');","        /* jslint-ignore-end */","        local.assetsDict['/favicon.ico'] = local.assetsDict['/favicon.ico'] || '';","        // if $npm_config_timeout_exit exists,","        // then exit this process after $npm_config_timeout_exit ms","        if (Number(process.env.npm_config_timeout_exit)) {","            setTimeout(process.exit, Number(process.env.npm_config_timeout_exit));","        }","        // start server","        if (local.global.utility2_serverHttp1) {","            break;","        }","        process.env.PORT = process.env.PORT || '8081';","        console.error('server starting on port ' + process.env.PORT);","        local.http.createServer(function (request, response) {","            request.urlParsed = local.url.parse(request.url);","            if (local.assetsDict[request.urlParsed.pathname] !== undefined) {","                response.end(local.assetsDict[request.urlParsed.pathname]);","                return;","            }","            response.statusCode = 404;","            response.end();","        }).listen(process.env.PORT);","        break;","    }","}());",""],"l":{"26":2,"28":2,"33":2,"35":2,"37":2,"38":2,"39":2,"44":1,"51":2,"55":2,"59":2,"61":2,"69":1,"70":2,"76":2,"79":2,"82":2,"83":2,"85":1,"89":2,"92":1,"93":1,"94":1,"96":1,"97":1,"100":1,"101":1,"103":1,"106":1,"108":2,"114":1,"116":1,"118":1,"123":1,"124":2,"125":2,"126":3,"127":3,"128":3,"129":3,"130":1,"133":3,"134":3,"139":3,"143":1,"144":3,"145":1,"149":1,"150":1,"158":1,"160":1,"161":1,"162":1,"164":1,"166":1,"258":1,"259":1,"271":1,"274":6,"275":6,"277":1,"279":2,"281":1,"283":2,"288":1,"289":1,"291":1,"296":1,"303":1,"306":1,"307":1,"310":1,"311":1,"313":1,"314":1,"315":1,"316":1,"317":1,"318":1,"319":1,"321":1,"322":1,"324":1}},"/home/travis/build/npmtest/node-npmtest-send/node_modules/send/index.js":{"path":"/home/travis/build/npmtest/node-npmtest-send/node_modules/send/index.js","s":{"1":1,"2":1,"3":1,"4":1,"5":1,"6":1,"7":1,"8":1,"9":1,"10":1,"11":1,"12":1,"13":1,"14":1,"15":1,"16":1,"17":1,"18":1,"19":1,"20":1,"21":1,"22":1,"23":1,"24":1,"25":1,"26":1,"27":1,"28":1,"29":1,"30":1,"31":0,"32":1,"33":0,"34":1,"35":0,"36":0,"37":0,"38":0,"39":0,"40":0,"41":0,"42":0,"43":0,"44":0,"45":0,"46":0,"47":0,"48":0,"49":0,"50":0,"51":0,"52":0,"53":0,"54":0,"55":0,"56":0,"57":0,"58":0,"59":0,"60":1,"61":1,"62":0,"63":0,"64":0,"65":1,"66":0,"67":0,"68":0,"69":0,"70":1,"71":0,"72":0,"73":0,"74":0,"75":1,"76":0,"77":0,"78":0,"79":1,"80":1,"81":1,"82":0,"83":0,"84":0,"85":0,"86":1,"87":0,"88":0,"89":0,"90":0,"91":0,"92":0,"93":0,"94":0,"95":0,"96":0,"97":0,"98":0,"99":0,"100":0,"101":1,"102":0,"103":1,"104":0,"105":1,"106":0,"107":0,"108":0,"109":0,"110":0,"111":0,"112":0,"113":0,"114":0,"115":0,"116":0,"117":0,"118":1,"119":0,"120":0,"121":0,"122":0,"123":0,"124":0,"125":1,"126":0,"127":0,"128":0,"129":0,"130":0,"131":1,"132":0,"133":0,"134":0,"135":1,"136":0,"137":0,"138":1,"139":0,"140":0,"141":0,"142":0,"143":0,"144":1,"145":0,"146":1,"147":0,"148":0,"149":0,"150":0,"151":0,"152":0,"153":0,"154":0,"155":1,"156":0,"157":0,"158":0,"159":0,"160":0,"161":0,"162":0,"163":0,"164":0,"165":0,"166":0,"167":0,"168":0,"169":0,"170":0,"171":0,"172":1,"173":0,"174":0,"175":0,"176":0,"177":0,"178":0,"179":0,"180":0,"181":0,"182":0,"183":0,"184":0,"185":0,"186":0,"187":0,"188":0,"189":0,"190":0,"191":0,"192":0,"193":0,"194":0,"195":0,"196":0,"197":0,"198":0,"199":0,"200":0,"201":0,"202":0,"203":0,"204":0,"205":0,"206":0,"207":0,"208":0,"209":0,"210":0,"211":0,"212":0,"213":1,"214":0,"215":0,"216":0,"217":0,"218":0,"219":0,"220":0,"221":0,"222":0,"223":0,"224":0,"225":0,"226":0,"227":0,"228":0,"229":0,"230":0,"231":0,"232":0,"233":0,"234":0,"235":0,"236":0,"237":0,"238":0,"239":0,"240":0,"241":0,"242":0,"243":0,"244":0,"245":0,"246":0,"247":0,"248":0,"249":0,"250":0,"251":0,"252":0,"253":0,"254":0,"255":0,"256":0,"257":0,"258":0,"259":0,"260":0,"261":0,"262":0,"263":1,"264":0,"265":0,"266":0,"267":0,"268":0,"269":0,"270":0,"271":0,"272":0,"273":0,"274":0,"275":0,"276":1,"277":0,"278":0,"279":0,"280":0,"281":0,"282":0,"283":0,"284":0,"285":0,"286":0,"287":0,"288":1,"289":0,"290":0,"291":1,"292":0,"293":0,"294":0,"295":0,"296":0,"297":0,"298":0,"299":0,"300":0,"301":0,"302":0,"303":0,"304":0,"305":0,"306":1,"307":0,"308":0,"309":0,"310":0,"311":0,"312":0,"313":0,"314":0,"315":0,"316":0,"317":0,"318":0,"319":0,"320":0,"321":0,"322":0,"323":0,"324":1,"325":0,"326":0,"327":0,"328":0,"329":0,"330":0,"331":0,"332":0,"333":0,"334":0,"335":1,"336":0,"337":0,"338":0,"339":0,"340":0,"341":0,"342":0,"343":0,"344":0,"345":0,"346":0,"347":0,"348":0,"349":0,"350":0,"351":0,"352":0,"353":1,"354":0,"355":0,"356":0,"357":1,"358":0,"359":0,"360":0,"361":0,"362":1,"363":0,"364":0,"365":0,"366":0,"367":1,"368":0,"369":1,"370":0,"371":1,"372":0,"373":0,"374":0,"375":1,"376":0,"377":1,"378":0,"379":1,"380":0,"381":0,"382":0,"383":0,"384":0,"385":1,"386":0,"387":0,"388":1,"389":0,"390":0,"391":0,"392":0},"b":{"1":[1,0],"2":[0,0],"3":[0,0],"4":[0,0],"5":[0,0],"6":[0,0],"7":[0,0],"8":[0,0,0],"9":[0,0],"10":[0,0],"11":[0,0],"12":[0,0],"13":[0,0],"14":[0,0],"15":[0,0],"16":[0,0],"17":[0,0],"18":[0,0],"19":[0,0],"20":[0,0],"21":[0,0],"22":[0,0],"23":[0,0],"24":[0,0],"25":[0,0],"26":[0,0],"27":[0,0],"28":[0,0,0,0],"29":[0,0],"30":[0,0,0],"31":[0,0,0],"32":[0,0],"33":[0,0],"34":[0,0],"35":[0,0],"36":[0,0,0],"37":[0,0,0,0],"38":[0,0],"39":[0,0],"40":[0,0],"41":[0,0],"42":[0,0],"43":[0,0],"44":[0,0],"45":[0,0],"46":[0,0],"47":[0,0],"48":[0,0],"49":[0,0],"50":[0,0],"51":[0,0],"52":[0,0,0,0],"53":[0,0],"54":[0,0],"55":[0,0],"56":[0,0],"57":[0,0],"58":[0,0],"59":[0,0],"60":[0,0],"61":[0,0],"62":[0,0],"63":[0,0],"64":[0,0],"65":[0,0],"66":[0,0],"67":[0,0],"68":[0,0],"69":[0,0],"70":[0,0],"71":[0,0,0,0],"72":[0,0],"73":[0,0],"74":[0,0],"75":[0,0],"76":[0,0],"77":[0,0],"78":[0,0],"79":[0,0],"80":[0,0],"81":[0,0],"82":[0,0],"83":[0,0],"84":[0,0],"85":[0,0],"86":[0,0],"87":[0,0],"88":[0,0],"89":[0,0],"90":[0,0],"91":[0,0],"92":[0,0],"93":[0,0],"94":[0,0],"95":[0,0],"96":[0,0],"97":[0,0],"98":[0,0],"99":[0,0],"100":[0,0],"101":[0,0],"102":[0,0],"103":[0,0],"104":[0,0]},"f":{"1":0,"2":0,"3":0,"4":0,"5":0,"6":0,"7":0,"8":0,"9":0,"10":0,"11":0,"12":0,"13":0,"14":0,"15":0,"16":0,"17":0,"18":0,"19":0,"20":0,"21":0,"22":0,"23":0,"24":0,"25":0,"26":0,"27":0,"28":0,"29":0,"30":0,"31":0,"32":0,"33":0,"34":0,"35":0,"36":0,"37":0,"38":0,"39":0,"40":0,"41":0,"42":0,"43":0,"44":0,"45":0,"46":0,"47":0},"fnMap":{"1":{"name":"(anonymous_1)","line":87,"loc":{"start":{"line":87,"column":2},"end":{"line":87,"column":27}},"skip":true},"2":{"name":"send","line":99,"loc":{"start":{"line":99,"column":0},"end":{"line":99,"column":35}}},"3":{"name":"SendStream","line":112,"loc":{"start":{"line":112,"column":0},"end":{"line":112,"column":41}}},"4":{"name":"etag","line":195,"loc":{"start":{"line":195,"column":47},"end":{"line":195,"column":67}}},"5":{"name":"hidden","line":209,"loc":{"start":{"line":209,"column":49},"end":{"line":209,"column":71}}},"6":{"name":"index","line":225,"loc":{"start":{"line":225,"column":48},"end":{"line":225,"column":71}}},"7":{"name":"root","line":240,"loc":{"start":{"line":240,"column":28},"end":{"line":240,"column":49}}},"8":{"name":"maxage","line":260,"loc":{"start":{"line":260,"column":49},"end":{"line":260,"column":74}}},"9":{"name":"error","line":279,"loc":{"start":{"line":279,"column":29},"end":{"line":279,"column":58}}},"10":{"name":"hasTrailingSlash","line":315,"loc":{"start":{"line":315,"column":40},"end":{"line":315,"column":69}}},"11":{"name":"isConditionalGET","line":326,"loc":{"start":{"line":326,"column":40},"end":{"line":326,"column":69}}},"12":{"name":"isPreconditionFailure","line":340,"loc":{"start":{"line":340,"column":45},"end":{"line":340,"column":79}}},"13":{"name":"(anonymous_13)","line":348,"loc":{"start":{"line":348,"column":75},"end":{"line":348,"column":92}}},"14":{"name":"removeContentHeaderFields","line":369,"loc":{"start":{"line":369,"column":49},"end":{"line":369,"column":87}}},"15":{"name":"notModified","line":387,"loc":{"start":{"line":387,"column":35},"end":{"line":387,"column":59}}},"16":{"name":"headersAlreadySent","line":401,"loc":{"start":{"line":401,"column":42},"end":{"line":401,"column":73}}},"17":{"name":"isCachable","line":415,"loc":{"start":{"line":415,"column":34},"end":{"line":415,"column":57}}},"18":{"name":"onStatError","line":428,"loc":{"start":{"line":428,"column":35},"end":{"line":428,"column":64}}},"19":{"name":"isFresh","line":448,"loc":{"start":{"line":448,"column":31},"end":{"line":448,"column":51}}},"20":{"name":"isRangeFresh","line":462,"loc":{"start":{"line":462,"column":36},"end":{"line":462,"column":61}}},"21":{"name":"redirect","line":487,"loc":{"start":{"line":487,"column":32},"end":{"line":487,"column":57}}},"22":{"name":"pipe","line":522,"loc":{"start":{"line":522,"column":28},"end":{"line":522,"column":48}}},"23":{"name":"send","line":614,"loc":{"start":{"line":614,"column":28},"end":{"line":614,"column":55}}},"24":{"name":"sendFile","line":724,"loc":{"start":{"line":724,"column":32},"end":{"line":724,"column":57}}},"25":{"name":"onstat","line":729,"loc":{"start":{"line":729,"column":16},"end":{"line":729,"column":44}}},"26":{"name":"next","line":740,"loc":{"start":{"line":740,"column":2},"end":{"line":740,"column":22}}},"27":{"name":"(anonymous_27)","line":750,"loc":{"start":{"line":750,"column":15},"end":{"line":750,"column":36}}},"28":{"name":"sendIndex","line":765,"loc":{"start":{"line":765,"column":33},"end":{"line":765,"column":59}}},"29":{"name":"next","line":769,"loc":{"start":{"line":769,"column":2},"end":{"line":769,"column":22}}},"30":{"name":"(anonymous_30)","line":778,"loc":{"start":{"line":778,"column":15},"end":{"line":778,"column":36}}},"31":{"name":"stream","line":797,"loc":{"start":{"line":797,"column":30},"end":{"line":797,"column":62}}},"32":{"name":"onfinished","line":809,"loc":{"start":{"line":809,"column":18},"end":{"line":809,"column":41}}},"33":{"name":"onerror","line":815,"loc":{"start":{"line":815,"column":21},"end":{"line":815,"column":44}}},"34":{"name":"onend","line":828,"loc":{"start":{"line":828,"column":19},"end":{"line":828,"column":37}}},"35":{"name":"type","line":841,"loc":{"start":{"line":841,"column":28},"end":{"line":841,"column":49}}},"36":{"name":"setHeader","line":868,"loc":{"start":{"line":868,"column":33},"end":{"line":868,"column":65}}},"37":{"name":"clearHeaders","line":904,"loc":{"start":{"line":904,"column":0},"end":{"line":904,"column":28}}},"38":{"name":"collapseLeadingSlashes","line":918,"loc":{"start":{"line":918,"column":0},"end":{"line":918,"column":38}}},"39":{"name":"containsDotFile","line":936,"loc":{"start":{"line":936,"column":0},"end":{"line":936,"column":33}}},"40":{"name":"contentRange","line":954,"loc":{"start":{"line":954,"column":0},"end":{"line":954,"column":42}}},"41":{"name":"createHtmlDocument","line":966,"loc":{"start":{"line":966,"column":0},"end":{"line":966,"column":42}}},"42":{"name":"decode","line":988,"loc":{"start":{"line":988,"column":0},"end":{"line":988,"column":23}}},"43":{"name":"getHeaderNames","line":1004,"loc":{"start":{"line":1004,"column":0},"end":{"line":1004,"column":30}}},"44":{"name":"headersSent","line":1018,"loc":{"start":{"line":1018,"column":0},"end":{"line":1018,"column":27}}},"45":{"name":"normalizeList","line":1032,"loc":{"start":{"line":1032,"column":0},"end":{"line":1032,"column":35}}},"46":{"name":"parseHttpDate","line":1051,"loc":{"start":{"line":1051,"column":0},"end":{"line":1051,"column":30}}},"47":{"name":"setHeaders","line":1067,"loc":{"start":{"line":1067,"column":0},"end":{"line":1067,"column":35}}}},"statementMap":{"1":{"start":{"line":15,"column":0},"end":{"line":15,"column":40}},"2":{"start":{"line":16,"column":0},"end":{"line":16,"column":36}},"3":{"start":{"line":17,"column":0},"end":{"line":17,"column":39}},"4":{"start":{"line":18,"column":0},"end":{"line":18,"column":32}},"5":{"start":{"line":19,"column":0},"end":{"line":19,"column":36}},"6":{"start":{"line":20,"column":0},"end":{"line":20,"column":39}},"7":{"start":{"line":21,"column":0},"end":{"line":21,"column":26}},"8":{"start":{"line":22,"column":0},"end":{"line":22,"column":49}},"9":{"start":{"line":23,"column":0},"end":{"line":23,"column":28}},"10":{"start":{"line":24,"column":0},"end":{"line":24,"column":22}},"11":{"start":{"line":25,"column":0},"end":{"line":25,"column":26}},"12":{"start":{"line":26,"column":0},"end":{"line":26,"column":22}},"13":{"start":{"line":27,"column":0},"end":{"line":27,"column":39}},"14":{"start":{"line":28,"column":0},"end":{"line":28,"column":40}},"15":{"start":{"line":29,"column":0},"end":{"line":29,"column":26}},"16":{"start":{"line":30,"column":0},"end":{"line":30,"column":34}},"17":{"start":{"line":31,"column":0},"end":{"line":31,"column":30}},"18":{"start":{"line":32,"column":0},"end":{"line":32,"column":26}},"19":{"start":{"line":39,"column":0},"end":{"line":39,"column":26}},"20":{"start":{"line":40,"column":0},"end":{"line":40,"column":20}},"21":{"start":{"line":41,"column":0},"end":{"line":41,"column":30}},"22":{"start":{"line":42,"column":0},"end":{"line":42,"column":26}},"23":{"start":{"line":43,"column":0},"end":{"line":43,"column":18}},"24":{"start":{"line":50,"column":0},"end":{"line":50,"column":36}},"25":{"start":{"line":57,"column":0},"end":{"line":57,"column":31}},"26":{"start":{"line":64,"column":0},"end":{"line":64,"column":42}},"27":{"start":{"line":71,"column":0},"end":{"line":71,"column":49}},"28":{"start":{"line":78,"column":0},"end":{"line":78,"column":21}},"29":{"start":{"line":79,"column":0},"end":{"line":79,"column":26}},"30":{"start":{"line":86,"column":0},"end":{"line":87,"column":68},"skip":true},"31":{"start":{"line":87,"column":29},"end":{"line":87,"column":67},"skip":true},"32":{"start":{"line":99,"column":0},"end":{"line":101,"column":1}},"33":{"start":{"line":100,"column":2},"end":{"line":100,"column":43}},"34":{"start":{"line":112,"column":0},"end":{"line":179,"column":1}},"35":{"start":{"line":113,"column":2},"end":{"line":113,"column":19}},"36":{"start":{"line":115,"column":2},"end":{"line":115,"column":26}},"37":{"start":{"line":117,"column":2},"end":{"line":117,"column":21}},"38":{"start":{"line":118,"column":2},"end":{"line":118,"column":18}},"39":{"start":{"line":119,"column":2},"end":{"line":119,"column":16}},"40":{"start":{"line":121,"column":2},"end":{"line":123,"column":10}},"41":{"start":{"line":125,"column":2},"end":{"line":127,"column":10}},"42":{"start":{"line":129,"column":2},"end":{"line":131,"column":10}},"43":{"start":{"line":133,"column":2},"end":{"line":135,"column":14}},"44":{"start":{"line":137,"column":2},"end":{"line":139,"column":3}},"45":{"start":{"line":138,"column":4},"end":{"line":138,"column":79}},"46":{"start":{"line":141,"column":2},"end":{"line":141,"column":37}},"47":{"start":{"line":143,"column":2},"end":{"line":145,"column":3}},"48":{"start":{"line":144,"column":4},"end":{"line":144,"column":94}},"49":{"start":{"line":148,"column":2},"end":{"line":150,"column":3}},"50":{"start":{"line":149,"column":4},"end":{"line":149,"column":30}},"51":{"start":{"line":152,"column":2},"end":{"line":154,"column":8}},"52":{"start":{"line":156,"column":2},"end":{"line":158,"column":20}},"53":{"start":{"line":160,"column":2},"end":{"line":162,"column":10}},"54":{"start":{"line":164,"column":2},"end":{"line":164,"column":43}},"55":{"start":{"line":165,"column":2},"end":{"line":167,"column":26}},"56":{"start":{"line":168,"column":2},"end":{"line":170,"column":7}},"57":{"start":{"line":172,"column":2},"end":{"line":174,"column":10}},"58":{"start":{"line":176,"column":2},"end":{"line":178,"column":3}},"59":{"start":{"line":177,"column":4},"end":{"line":177,"column":24}},"60":{"start":{"line":185,"column":0},"end":{"line":185,"column":33}},"61":{"start":{"line":195,"column":0},"end":{"line":199,"column":36}},"62":{"start":{"line":196,"column":2},"end":{"line":196,"column":27}},"63":{"start":{"line":197,"column":2},"end":{"line":197,"column":30}},"64":{"start":{"line":198,"column":2},"end":{"line":198,"column":13}},"65":{"start":{"line":209,"column":0},"end":{"line":214,"column":38}},"66":{"start":{"line":210,"column":2},"end":{"line":210,"column":29}},"67":{"start":{"line":211,"column":2},"end":{"line":211,"column":28}},"68":{"start":{"line":212,"column":2},"end":{"line":212,"column":34}},"69":{"start":{"line":213,"column":2},"end":{"line":213,"column":13}},"70":{"start":{"line":225,"column":0},"end":{"line":230,"column":38}},"71":{"start":{"line":226,"column":2},"end":{"line":226,"column":66}},"72":{"start":{"line":227,"column":2},"end":{"line":227,"column":26}},"73":{"start":{"line":228,"column":2},"end":{"line":228,"column":21}},"74":{"start":{"line":229,"column":2},"end":{"line":229,"column":13}},"75":{"start":{"line":240,"column":0},"end":{"line":244,"column":1}},"76":{"start":{"line":241,"column":2},"end":{"line":241,"column":36}},"77":{"start":{"line":242,"column":2},"end":{"line":242,"column":30}},"78":{"start":{"line":243,"column":2},"end":{"line":243,"column":13}},"79":{"start":{"line":246,"column":0},"end":{"line":247,"column":35}},"80":{"start":{"line":249,"column":0},"end":{"line":250,"column":35}},"81":{"start":{"line":260,"column":0},"end":{"line":269,"column":40}},"82":{"start":{"line":261,"column":2},"end":{"line":263,"column":20}},"83":{"start":{"line":264,"column":2},"end":{"line":266,"column":7}},"84":{"start":{"line":267,"column":2},"end":{"line":267,"column":35}},"85":{"start":{"line":268,"column":2},"end":{"line":268,"column":13}},"86":{"start":{"line":279,"column":0},"end":{"line":306,"column":1}},"87":{"start":{"line":281,"column":2},"end":{"line":285,"column":3}},"88":{"start":{"line":282,"column":4},"end":{"line":284,"column":7}},"89":{"start":{"line":287,"column":2},"end":{"line":287,"column":20}},"90":{"start":{"line":288,"column":2},"end":{"line":288,"column":46}},"91":{"start":{"line":289,"column":2},"end":{"line":289,"column":56}},"92":{"start":{"line":292,"column":2},"end":{"line":292,"column":19}},"93":{"start":{"line":295,"column":2},"end":{"line":297,"column":3}},"94":{"start":{"line":296,"column":4},"end":{"line":296,"column":32}},"95":{"start":{"line":300,"column":2},"end":{"line":300,"column":25}},"96":{"start":{"line":301,"column":2},"end":{"line":301,"column":59}},"97":{"start":{"line":302,"column":2},"end":{"line":302,"column":57}},"98":{"start":{"line":303,"column":2},"end":{"line":303,"column":64}},"99":{"start":{"line":304,"column":2},"end":{"line":304,"column":52}},"100":{"start":{"line":305,"column":2},"end":{"line":305,"column":14}},"101":{"start":{"line":315,"column":0},"end":{"line":317,"column":1}},"102":{"start":{"line":316,"column":2},"end":{"line":316,"column":48}},"103":{"start":{"line":326,"column":0},"end":{"line":331,"column":1}},"104":{"start":{"line":327,"column":2},"end":{"line":330,"column":41}},"105":{"start":{"line":340,"column":0},"end":{"line":361,"column":1}},"106":{"start":{"line":341,"column":2},"end":{"line":341,"column":20}},"107":{"start":{"line":342,"column":2},"end":{"line":342,"column":20}},"108":{"start":{"line":345,"column":2},"end":{"line":345,"column":37}},"109":{"start":{"line":346,"column":2},"end":{"line":351,"column":3}},"110":{"start":{"line":347,"column":4},"end":{"line":347,"column":36}},"111":{"start":{"line":348,"column":4},"end":{"line":350,"column":7}},"112":{"start":{"line":349,"column":6},"end":{"line":349,"column":77}},"113":{"start":{"line":354,"column":2},"end":{"line":354,"column":73}},"114":{"start":{"line":355,"column":2},"end":{"line":358,"column":3}},"115":{"start":{"line":356,"column":4},"end":{"line":356,"column":68}},"116":{"start":{"line":357,"column":4},"end":{"line":357,"column":64}},"117":{"start":{"line":360,"column":2},"end":{"line":360,"column":14}},"118":{"start":{"line":369,"column":0},"end":{"line":379,"column":1}},"119":{"start":{"line":370,"column":2},"end":{"line":370,"column":20}},"120":{"start":{"line":371,"column":2},"end":{"line":371,"column":35}},"121":{"start":{"line":373,"column":2},"end":{"line":378,"column":3}},"122":{"start":{"line":374,"column":4},"end":{"line":374,"column":27}},"123":{"start":{"line":375,"column":4},"end":{"line":377,"column":5}},"124":{"start":{"line":376,"column":6},"end":{"line":376,"column":30}},"125":{"start":{"line":387,"column":0},"end":{"line":393,"column":1}},"126":{"start":{"line":388,"column":2},"end":{"line":388,"column":20}},"127":{"start":{"line":389,"column":2},"end":{"line":389,"column":23}},"128":{"start":{"line":390,"column":2},"end":{"line":390,"column":34}},"129":{"start":{"line":391,"column":2},"end":{"line":391,"column":22}},"130":{"start":{"line":392,"column":2},"end":{"line":392,"column":11}},"131":{"start":{"line":401,"column":0},"end":{"line":405,"column":1}},"132":{"start":{"line":402,"column":2},"end":{"line":402,"column":64}},"133":{"start":{"line":403,"column":2},"end":{"line":403,"column":31}},"134":{"start":{"line":404,"column":2},"end":{"line":404,"column":22}},"135":{"start":{"line":415,"column":0},"end":{"line":419,"column":1}},"136":{"start":{"line":416,"column":2},"end":{"line":416,"column":38}},"137":{"start":{"line":417,"column":2},"end":{"line":418,"column":22}},"138":{"start":{"line":428,"column":0},"end":{"line":439,"column":1}},"139":{"start":{"line":429,"column":2},"end":{"line":438,"column":3}},"140":{"start":{"line":433,"column":6},"end":{"line":433,"column":28}},"141":{"start":{"line":434,"column":6},"end":{"line":434,"column":11}},"142":{"start":{"line":436,"column":6},"end":{"line":436,"column":28}},"143":{"start":{"line":437,"column":6},"end":{"line":437,"column":11}},"144":{"start":{"line":448,"column":0},"end":{"line":453,"column":1}},"145":{"start":{"line":449,"column":2},"end":{"line":452,"column":4}},"146":{"start":{"line":462,"column":0},"end":{"line":478,"column":1}},"147":{"start":{"line":463,"column":2},"end":{"line":463,"column":44}},"148":{"start":{"line":465,"column":2},"end":{"line":467,"column":3}},"149":{"start":{"line":466,"column":4},"end":{"line":466,"column":15}},"150":{"start":{"line":470,"column":2},"end":{"line":473,"column":3}},"151":{"start":{"line":471,"column":4},"end":{"line":471,"column":41}},"152":{"start":{"line":472,"column":4},"end":{"line":472,"column":56}},"153":{"start":{"line":476,"column":2},"end":{"line":476,"column":56}},"154":{"start":{"line":477,"column":2},"end":{"line":477,"column":62}},"155":{"start":{"line":487,"column":0},"end":{"line":512,"column":1}},"156":{"start":{"line":488,"column":2},"end":{"line":488,"column":20}},"157":{"start":{"line":490,"column":2},"end":{"line":493,"column":3}},"158":{"start":{"line":491,"column":4},"end":{"line":491,"column":37}},"159":{"start":{"line":492,"column":4},"end":{"line":492,"column":10}},"160":{"start":{"line":495,"column":2},"end":{"line":498,"column":3}},"161":{"start":{"line":496,"column":4},"end":{"line":496,"column":19}},"162":{"start":{"line":497,"column":4},"end":{"line":497,"column":10}},"163":{"start":{"line":500,"column":2},"end":{"line":500,"column":62}},"164":{"start":{"line":501,"column":2},"end":{"line":502,"column":29}},"165":{"start":{"line":505,"column":2},"end":{"line":505,"column":22}},"166":{"start":{"line":506,"column":2},"end":{"line":506,"column":59}},"167":{"start":{"line":507,"column":2},"end":{"line":507,"column":57}},"168":{"start":{"line":508,"column":2},"end":{"line":508,"column":64}},"169":{"start":{"line":509,"column":2},"end":{"line":509,"column":52}},"170":{"start":{"line":510,"column":2},"end":{"line":510,"column":32}},"171":{"start":{"line":511,"column":2},"end":{"line":511,"column":14}},"172":{"start":{"line":522,"column":0},"end":{"line":605,"column":1}},"173":{"start":{"line":524,"column":2},"end":{"line":524,"column":23}},"174":{"start":{"line":527,"column":2},"end":{"line":527,"column":16}},"175":{"start":{"line":530,"column":2},"end":{"line":530,"column":30}},"176":{"start":{"line":531,"column":2},"end":{"line":534,"column":3}},"177":{"start":{"line":532,"column":4},"end":{"line":532,"column":19}},"178":{"start":{"line":533,"column":4},"end":{"line":533,"column":14}},"179":{"start":{"line":537,"column":2},"end":{"line":540,"column":3}},"180":{"start":{"line":538,"column":4},"end":{"line":538,"column":19}},"181":{"start":{"line":539,"column":4},"end":{"line":539,"column":14}},"182":{"start":{"line":542,"column":2},"end":{"line":542,"column":11}},"183":{"start":{"line":543,"column":2},"end":{"line":570,"column":3}},"184":{"start":{"line":545,"column":4},"end":{"line":549,"column":5}},"185":{"start":{"line":546,"column":6},"end":{"line":546,"column":40}},"186":{"start":{"line":547,"column":6},"end":{"line":547,"column":21}},"187":{"start":{"line":548,"column":6},"end":{"line":548,"column":16}},"188":{"start":{"line":552,"column":4},"end":{"line":552,"column":38}},"189":{"start":{"line":553,"column":4},"end":{"line":553,"column":32}},"190":{"start":{"line":556,"column":4},"end":{"line":556,"column":47}},"191":{"start":{"line":559,"column":4},"end":{"line":563,"column":5}},"192":{"start":{"line":560,"column":6},"end":{"line":560,"column":40}},"193":{"start":{"line":561,"column":6},"end":{"line":561,"column":21}},"194":{"start":{"line":562,"column":6},"end":{"line":562,"column":16}},"195":{"start":{"line":566,"column":4},"end":{"line":566,"column":38}},"196":{"start":{"line":569,"column":4},"end":{"line":569,"column":24}},"197":{"start":{"line":573,"column":2},"end":{"line":595,"column":3}},"198":{"start":{"line":574,"column":4},"end":{"line":574,"column":31}},"199":{"start":{"line":577,"column":4},"end":{"line":581,"column":5}},"200":{"start":{"line":578,"column":6},"end":{"line":580,"column":17}},"201":{"start":{"line":583,"column":4},"end":{"line":583,"column":42}},"202":{"start":{"line":584,"column":4},"end":{"line":594,"column":5}},"203":{"start":{"line":586,"column":8},"end":{"line":586,"column":13}},"204":{"start":{"line":588,"column":8},"end":{"line":588,"column":23}},"205":{"start":{"line":589,"column":8},"end":{"line":589,"column":18}},"206":{"start":{"line":592,"column":8},"end":{"line":592,"column":23}},"207":{"start":{"line":593,"column":8},"end":{"line":593,"column":18}},"208":{"start":{"line":598,"column":2},"end":{"line":601,"column":3}},"209":{"start":{"line":599,"column":4},"end":{"line":599,"column":24}},"210":{"start":{"line":600,"column":4},"end":{"line":600,"column":14}},"211":{"start":{"line":603,"column":2},"end":{"line":603,"column":21}},"212":{"start":{"line":604,"column":2},"end":{"line":604,"column":12}},"213":{"start":{"line":614,"column":0},"end":{"line":716,"column":1}},"214":{"start":{"line":615,"column":2},"end":{"line":615,"column":21}},"215":{"start":{"line":616,"column":2},"end":{"line":616,"column":28}},"216":{"start":{"line":617,"column":2},"end":{"line":617,"column":15}},"217":{"start":{"line":618,"column":2},"end":{"line":618,"column":20}},"218":{"start":{"line":619,"column":2},"end":{"line":619,"column":20}},"219":{"start":{"line":620,"column":2},"end":{"line":620,"column":32}},"220":{"start":{"line":621,"column":2},"end":{"line":621,"column":33}},"221":{"start":{"line":623,"column":2},"end":{"line":627,"column":3}},"222":{"start":{"line":625,"column":4},"end":{"line":625,"column":29}},"223":{"start":{"line":626,"column":4},"end":{"line":626,"column":10}},"224":{"start":{"line":629,"column":2},"end":{"line":629,"column":26}},"225":{"start":{"line":632,"column":2},"end":{"line":632,"column":28}},"226":{"start":{"line":635,"column":2},"end":{"line":635,"column":17}},"227":{"start":{"line":638,"column":2},"end":{"line":648,"column":3}},"228":{"start":{"line":639,"column":4},"end":{"line":642,"column":5}},"229":{"start":{"line":640,"column":6},"end":{"line":640,"column":21}},"230":{"start":{"line":641,"column":6},"end":{"line":641,"column":12}},"231":{"start":{"line":644,"column":4},"end":{"line":647,"column":5}},"232":{"start":{"line":645,"column":6},"end":{"line":645,"column":24}},"233":{"start":{"line":646,"column":6},"end":{"line":646,"column":12}},"234":{"start":{"line":651,"column":2},"end":{"line":651,"column":33}},"235":{"start":{"line":652,"column":2},"end":{"line":655,"column":3}},"236":{"start":{"line":653,"column":4},"end":{"line":653,"column":40}},"237":{"start":{"line":654,"column":4},"end":{"line":654,"column":32}},"238":{"start":{"line":654,"column":21},"end":{"line":654,"column":32}},"239":{"start":{"line":658,"column":2},"end":{"line":695,"column":3}},"240":{"start":{"line":660,"column":4},"end":{"line":662,"column":6}},"241":{"start":{"line":665,"column":4},"end":{"line":668,"column":5}},"242":{"start":{"line":666,"column":6},"end":{"line":666,"column":26}},"243":{"start":{"line":667,"column":6},"end":{"line":667,"column":17}},"244":{"start":{"line":671,"column":4},"end":{"line":681,"column":5}},"245":{"start":{"line":672,"column":6},"end":{"line":672,"column":34}},"246":{"start":{"line":675,"column":6},"end":{"line":675,"column":64}},"247":{"start":{"line":678,"column":6},"end":{"line":680,"column":8}},"248":{"start":{"line":684,"column":4},"end":{"line":694,"column":5}},"249":{"start":{"line":685,"column":6},"end":{"line":685,"column":31}},"250":{"start":{"line":688,"column":6},"end":{"line":688,"column":26}},"251":{"start":{"line":689,"column":6},"end":{"line":689,"column":75}},"252":{"start":{"line":692,"column":6},"end":{"line":692,"column":31}},"253":{"start":{"line":693,"column":6},"end":{"line":693,"column":47}},"254":{"start":{"line":698,"column":2},"end":{"line":700,"column":3}},"255":{"start":{"line":699,"column":4},"end":{"line":699,"column":30}},"256":{"start":{"line":703,"column":2},"end":{"line":703,"column":21}},"257":{"start":{"line":704,"column":2},"end":{"line":704,"column":47}},"258":{"start":{"line":707,"column":2},"end":{"line":707,"column":38}},"259":{"start":{"line":710,"column":2},"end":{"line":713,"column":3}},"260":{"start":{"line":711,"column":4},"end":{"line":711,"column":13}},"261":{"start":{"line":712,"column":4},"end":{"line":712,"column":10}},"262":{"start":{"line":715,"column":2},"end":{"line":715,"column":25}},"263":{"start":{"line":724,"column":0},"end":{"line":757,"column":1}},"264":{"start":{"line":725,"column":2},"end":{"line":725,"column":11}},"265":{"start":{"line":726,"column":2},"end":{"line":726,"column":17}},"266":{"start":{"line":728,"column":2},"end":{"line":728,"column":26}},"267":{"start":{"line":729,"column":2},"end":{"line":738,"column":4}},"268":{"start":{"line":730,"column":4},"end":{"line":733,"column":5}},"269":{"start":{"line":732,"column":6},"end":{"line":732,"column":22}},"270":{"start":{"line":734,"column":4},"end":{"line":734,"column":41}},"271":{"start":{"line":734,"column":13},"end":{"line":734,"column":41}},"272":{"start":{"line":735,"column":4},"end":{"line":735,"column":54}},"273":{"start":{"line":735,"column":28},"end":{"line":735,"column":54}},"274":{"start":{"line":736,"column":4},"end":{"line":736,"column":33}},"275":{"start":{"line":737,"column":4},"end":{"line":737,"column":25}},"276":{"start":{"line":740,"column":2},"end":{"line":756,"column":3}},"277":{"start":{"line":741,"column":4},"end":{"line":745,"column":5}},"278":{"start":{"line":742,"column":6},"end":{"line":744,"column":25}},"279":{"start":{"line":747,"column":4},"end":{"line":747,"column":46}},"280":{"start":{"line":749,"column":4},"end":{"line":749,"column":25}},"281":{"start":{"line":750,"column":4},"end":{"line":755,"column":6}},"282":{"start":{"line":751,"column":6},"end":{"line":751,"column":31}},"283":{"start":{"line":751,"column":15},"end":{"line":751,"column":31}},"284":{"start":{"line":752,"column":6},"end":{"line":752,"column":43}},"285":{"start":{"line":752,"column":30},"end":{"line":752,"column":43}},"286":{"start":{"line":753,"column":6},"end":{"line":753,"column":32}},"287":{"start":{"line":754,"column":6},"end":{"line":754,"column":
[...]
'/'","}","","/**"," * Check if this is a conditional GET request."," *"," * @return {Boolean}"," * @api private"," */","","SendStream.prototype.isConditionalGET = function isConditionalGET () {","  return this.req.headers['if-match'] ||","    this.req.headers['if-unmodified-since'] ||","    this.req.headers['if-none-match'] ||","    this.req.headers['if-modified-since']","}","","/**"," * Check if the request preconditions failed."," *"," * @return {boolean}"," * @private"," */","","SendStream.prototype.isPreconditionFailure = function isPreconditionFailure () {","  var req = this.req","  var res = this.res","","  // if-match","  var match = req.headers['if-match']","  if (match) {","    var etag = res.getHeader('ETag')","    return !etag || (match !== '*' && match.split(TOKEN_LIST_REGEXP).every(function (match) {","      return match !== etag && match !== 'W/' + etag && 'W/' + match !== etag","    }))","  }","","  // if-unmodified-since","  var unmodifiedSince = parseHttpDate(req.headers['if-unmodified-since'])","  if (!isNaN(unmodifiedSince)) {","    var lastModified = parseHttpDate(res.getHeader('Last-Modified'))","    return isNaN(lastModified) || lastModified > unmodifiedSince","  }","","  return false","}","","/**"," * Strip content-* header fields."," *"," * @private"," */","","SendStream.prototype.removeContentHeaderFields = function removeContentHeaderFields () {","  var res = this.res","  var headers = getHeaderNames(res)","","  for (var i = 0; i < headers.length; i++) {","    var header = headers[i]","    if (header.substr(0, 8) === 'content-' && header !== 'content-location') {","      res.removeHeader(header)","    }","  }","}","","/**"," * Respond with 304 not modified."," *"," * @api private"," */","","SendStream.prototype.notModified = function notModified () {","  var res = this.res","  debug('not modified')","  this.removeContentHeaderFields()","  res.statusCode = 304","  res.end()","}","","/**"," * Raise error that headers already sent."," *"," * @api private"," */","","SendStream.prototype.headersAlreadySent = function headersAlreadySent () {","  var err = new Error('Can\\'t set headers after they are sent.')","  debug('headers already sent')","  this.error(500, err)","}","","/**"," * Check if the request is cacheable, aka"," * responded with 2xx or 304 (see RFC 2616 section 14.2{5,6})."," *"," * @return {Boolean}"," * @api private"," */","","SendStream.prototype.isCachable = function isCachable () {","  var statusCode = this.res.statusCode","  return (statusCode >= 200 && statusCode < 300) ||","    statusCode === 304","}","","/**"," * Handle stat() error."," *"," * @param {Error} error"," * @private"," */","","SendStream.prototype.onStatError = function onStatError (error) {","  switch (error.code) {","    case 'ENAMETOOLONG':","    case 'ENOENT':","    case 'ENOTDIR':","      this.error(404, error)","      break","    default:","      this.error(500, error)","      break","  }","}","","/**"," * Check if the cache is fresh."," *"," * @return {Boolean}"," * @api private"," */","","SendStream.prototype.isFresh = function isFresh () {","  return fresh(this.req.headers, {","    'etag': this.res.getHeader('ETag'),","    'last-modified': this.res.getHeader('Last-Modified')","  })","}","","/**"," * Check if the range is fresh."," *"," * @return {Boolean}"," * @api private"," */","","SendStream.prototype.isRangeFresh = function isRangeFresh () {","  var ifRange = this.req.headers['if-range']","","  if (!ifRange) {","    return true","  }","","  // if-range as etag","  if (ifRange.indexOf('\"') !== -1) {","    var etag = this.res.getHeader('ETag')","    return Boolean(etag && ifRange.indexOf(etag) !== -1)","  }","","  // if-range as modified date","  var lastModified = this.res.getHeader('Last-Modified')","  return parseHttpDate(lastModified) <= parseHttpDate(ifRange)","}","","/**"," * Redirect to path."," *"," * @param {string} path"," * @private"," */","","SendStream.prototype.redirect = function redirect (path) {","  var res = this.res","","  if (listenerCount(this, 'directory') !== 0) {","    this.emit('directory', res, path)","    return","  }","","  if (this.hasTrailingSlash()) {","    this.error(403)","    return","  }","","  var loc = encodeUrl(collapseLeadingSlashes(this.path + '/'))","  var doc = createHtmlDocument('Redirecting', 'Redirecting to <a href=\"' + escapeHtml(loc) + '\">' +","    escapeHtml(loc) + '</a>')","","  // redirect","  res.statusCode = 301","  res.setHeader('Content-Type', 'text/html; charset=UTF-8')","  res.setHeader('Content-Length', Buffer.byteLength(doc))","  res.setHeader('Content-Security-Policy', \"default-src 'self'\")","  res.setHeader('X-Content-Type-Options', 'nosniff')","  res.setHeader('Location', loc)","  res.end(doc)","}","","/**"," * Pipe to `res."," *"," * @param {Stream} res"," * @return {Stream} res"," * @api public"," */","","SendStream.prototype.pipe = function pipe (res) {","  // root path","  var root = this._root","","  // references","  this.res = res","","  // decode the path","  var path = decode(this.path)","  if (path === -1) {","    this.error(400)","    return res","  }","","  // null byte(s)","  if (~path.indexOf('\\0')) {","    this.error(400)","    return res","  }","","  var parts","  if (root !== null) {","    // malicious path","    if (UP_PATH_REGEXP.test(normalize('.' + sep + path))) {","      debug('malicious path \"%s\"', path)","      this.error(403)","      return res","    }","","    // join / normalize from optional root dir","    path = normalize(join(root, path))","    root = normalize(root + sep)","","    // explode path parts","    parts = path.substr(root.length).split(sep)","  } else {","    // \"..\" is malicious without \"root\"","    if (UP_PATH_REGEXP.test(path)) {","      debug('malicious path \"%s\"', path)","      this.error(403)","      return res","    }","","    // explode path parts","    parts = normalize(path).split(sep)","","    // resolve the path","    path = resolve(path)","  }","","  // dotfile handling","  if (containsDotFile(parts)) {","    var access = this._dotfiles","","    // legacy support","    if (access === undefined) {","      access = parts[parts.length - 1][0] === '.'","        ? (this._hidden ? 'allow' : 'ignore')","        : 'allow'","    }","","    debug('%s dotfile \"%s\"', access, path)","    switch (access) {","      case 'allow':","        break","      case 'deny':","        this.error(403)","        return res","      case 'ignore':","      default:","        this.error(404)","        return res","    }","  }","","  // index file support","  if (this._index.length && this.hasTrailingSlash()) {","    this.sendIndex(path)","    return res","  }","","  this.sendFile(path)","  return res","}","","/**"," * Transfer `path`."," *"," * @param {String} path"," * @api public"," */","","SendStream.prototype.send = function send (path, stat) {","  var len = stat.size","  var options = this.options","  var opts = {}","  var res = this.res","  var req = this.req","  var ranges = req.headers.range","  var offset = options.start || 0","","  if (headersSent(res)) {","    // impossible to send now","    this.headersAlreadySent()","    return","  }","","  debug('pipe \"%s\"', path)","","  // set header fields","  this.setHeader(path, stat)","","  // set content-type","  this.type(path)","","  // conditional GET support","  if (this.isConditionalGET()) {","    if (this.isPreconditionFailure()) {","      this.error(412)","      return","    }","","    if (this.isCachable() && this.isFresh()) {","      this.notModified()","      return","    }","  }","","  // adjust len to start/end options","  len = Math.max(0, len - offset)","  if (options.end !== undefined) {","    var bytes = options.end - offset + 1","    if (len > bytes) len = bytes","  }","","  // Range support","  if (this._acceptRanges && BYTES_RANGE_REGEXP.test(ranges)) {","    // parse","    ranges = parseRange(len, ranges, {","      combine: true","    })","","    // If-Range support","    if (!this.isRangeFresh()) {","      debug('range stale')","      ranges = -2","    }","","    // unsatisfiable","    if (ranges === -1) {","      debug('range unsatisfiable')","","      // Content-Range","      res.setHeader('Content-Range', contentRange('bytes', len))","","      // 416 Requested Range Not Satisfiable","      return this.error(416, {","        headers: {'Content-Range': res.getHeader('Content-Range')}","      })","    }","","    // valid (syntactically invalid/multiple ranges are treated as a regular response)","    if (ranges !== -2 && ranges.length === 1) {","      debug('range %j', ranges)","","      // Content-Range","      res.statusCode = 206","      res.setHeader('Content-Range', contentRange('bytes', len, ranges[0]))","","      // adjust for requested range","      offset += ranges[0].start","      len = ranges[0].end - ranges[0].start + 1","    }","  }","","  // clone options","  for (var prop in options) {","    opts[prop] = options[prop]","  }","","  // set read options","  opts.start = offset","  opts.end = Math.max(offset, offset + len - 1)","","  // content-length","  res.setHeader('Content-Length', len)","","  // HEAD support","  if (req.method === 'HEAD') {","    res.end()","    return","  }","","  this.stream(path, opts)","}","","/**"," * Transfer file for `path`."," *"," * @param {String} path"," * @api private"," */","SendStream.prototype.sendFile = function sendFile (path) {","  var i = 0","  var self = this","","  debug('stat \"%s\"', path)","  fs.stat(path, function onstat (err, stat) {","    if (err && err.code === 'ENOENT' && !extname(path) && path[path.length - 1] !== sep) {","      // not found, check extensions","      return next(err)","    }","    if (err) return self.onStatError(err)","    if (stat.isDirectory()) return self.redirect(path)","    self.emit('file', path, stat)","    self.send(path, stat)","  })","","  function next (err) {","    if (self._extensions.length <= i) {","      return err","        ? self.onStatError(err)","        : self.error(404)","    }","","    var p = path + '.' + self._extensions[i++]","","    debug('stat \"%s\"', p)","    fs.stat(p, function (err, stat) {","      if (err) return next(err)","      if (stat.isDirectory()) return next()","      self.emit('file', p, stat)","      self.send(p, stat)","    })","  }","}","","/**"," * Transfer index for `path`."," *"," * @param {String} path"," * @api private"," */","SendStream.prototype.sendIndex = function sendIndex (path) {","  var i = -1","  var self = this","","  function next (err) {","    if (++i >= self._index.length) {","      if (err) return self.onStatError(err)","      return self.error(404)","    }","","    var p = join(path, self._index[i])","","    debug('stat \"%s\"', p)","    fs.stat(p, function (err, stat) {","      if (err) return next(err)","      if (stat.isDirectory()) return next()","      self.emit('file', p, stat)","      self.send(p, stat)","    })","  }","","  next()","}","","/**"," * Stream `path` to the response."," *"," * @param {String} path"," * @param {Object} options"," * @api private"," */","","SendStream.prototype.stream = function stream (path, options) {","  // TODO: this is all lame, refactor meeee","  var finished = false","  var self = this","  var res = this.res","","  // pipe","  var stream = fs.createReadStream(path, options)","  this.emit('stream', stream)","  stream.pipe(res)","","  // response finished, done with the fd","  onFinished(res, function onfinished () {","    finished = true","    destroy(stream)","  })","","  // error handling code-smell","  stream.on('error', function onerror (err) {","    // request already finished","    if (finished) return","","    // clean up stream","    finished = true","    destroy(stream)","","    // error","    self.onStatError(err)","  })","","  // end","  stream.on('end', function onend () {","    self.emit('end')","  })","}","","/**"," * Set content-type based on `path`"," * if it hasn't been explicitly set."," *"," * @param {String} path"," * @api private"," */","","SendStream.prototype.type = function type (path) {","  var res = this.res","","  if (res.getHeader('Content-Type')) return","","  var type = mime.lookup(path)","","  if (!type) {","    debug('no content-type')","    return","  }","","  var charset = mime.charsets.lookup(type)","","  debug('content-type %s', type)","  res.setHeader('Content-Type', type + (charset ? '; charset=' + charset : ''))","}","","/**"," * Set response header fields, most"," * fields may be pre-defined."," *"," * @param {String} path"," * @param {Object} stat"," * @api private"," */","","SendStream.prototype.setHeader = function setHeader (path, stat) {","  var res = this.res","","  this.emit('headers', res, path, stat)","","  if (this._acceptRanges && !res.getHeader('Accept-Ranges')) {","    debug('accept ranges')","    res.setHeader('Accept-Ranges', 'bytes')","  }","","  if (this._cacheControl && !res.getHeader('Cache-Control')) {","    var cacheControl = 'public, max-age=' + Math.floor(this._maxage / 1000)","    debug('cache-control %s', cacheControl)","    res.setHeader('Cache-Control', cacheControl)","  }","","  if (this._lastModified && !res.getHeader('Last-Modified')) {","    var modified = stat.mtime.toUTCString()","    debug('modified %s', modified)","    res.setHeader('Last-Modified', modified)","  }","","  if (this._etag && !res.getHeader('ETag')) {","    var val = etag(stat)","    debug('etag %s', val)","    res.setHeader('ETag', val)","  }","}","","/**"," * Clear all headers from a response."," *"," * @param {object} res"," * @private"," */","","function clearHeaders (res) {","  var headers = getHeaderNames(res)","","  for (var i = 0; i < headers.length; i++) {","    res.removeHeader(headers[i])","  }","}","","/**"," * Collapse all leading slashes into a single slash"," *"," * @param {string} str"," * @private"," */","function collapseLeadingSlashes (str) {","  for (var i = 0; i < str.length; i++) {","    if (str[i] !== '/') {","      break","    }","  }","","  return i > 1","    ? '/' + str.substr(i)","    : str","}","","/**"," * Determine if path parts contain a dotfile."," *"," * @api private"," */","","function containsDotFile (parts) {","  for (var i = 0; i < parts.length; i++) {","    if (parts[i][0] === '.') {","      return true","    }","  }","","  return false","}","","/**"," * Create a Content-Range header."," *"," * @param {string} type"," * @param {number} size"," * @param {array} [range]"," */","","function contentRange (type, size, range) {","  return type + ' ' + (range ? range.start + '-' + range.end : '*') + '/' + size","}","","/**"," * Create a minimal HTML document."," *"," * @param {string} title"," * @param {string} body"," * @private"," */","","function createHtmlDocument (title, body) {","  return '<!DOCTYPE html>\\n' +","    '<html lang=\"en\">\\n' +","    '<head>\\n' +","    '<meta charset=\"utf-8\">\\n' +","    '<title>' + title + '</title>\\n' +","    '</head>\\n' +","    '<body>\\n' +","    '<pre>' + body + '</pre>\\n' +","    '</body>\\n'","}","","/**"," * decodeURIComponent."," *"," * Allows V8 to only deoptimize this fn instead of all"," * of send()."," *"," * @param {String} path"," * @api private"," */","","function decode (path) {","  try {","    return decodeURIComponent(path)","  } catch (err) {","    return -1","  }","}","","/**"," * Get the header names on a respnse."," *"," * @param {object} res"," * @returns {array[string]}"," * @private"," */","","function getHeaderNames (res) {","  return typeof res.getHeaderNames !== 'function'","    ? Object.keys(res._headers || {})","    : res.getHeaderNames()","}","","/**"," * Determine if the response headers have been sent."," *"," * @param {object} res"," * @returns {boolean}"," * @private"," */","","function headersSent (res) {","  return typeof res.headersSent !== 'boolean'","    ? Boolean(res._header)","    : res.headersSent","}","","/**"," * Normalize the index option into an array."," *"," * @param {boolean|string|array} val"," * @param {string} name"," * @private"," */","","function normalizeList (val, name) {","  var list = [].concat(val || [])","","  for (var i = 0; i < list.length; i++) {","    if (typeof list[i] !== 'string') {","      throw new TypeError(name + ' must be array of strings or false')","    }","  }","","  return list","}","","/**"," * Parse an HTTP Date into a number."," *"," * @param {string} date"," * @private"," */","","function parseHttpDate (date) {","  var timestamp = date && Date.parse(date)","","  return typeof timestamp === 'number'","    ? timestamp","    : NaN","}","","/**"," * Set an object of headers on a response."," *"," * @param {object} res"," * @param {object} headers"," * @private"," */","","function setHeaders (res, headers) {","  var keys = Object.keys(headers)","","  for (var i = 0; i < keys.length; i++) {","    var key = keys[i]","    res.setHeader(key, headers[key])","  }","}",""],"l":{"15":1,"16":1,"17":1,"18":1,"19":1,"20":1,"21":1,"22":1,"23":1,"24":1,"25":1,"26":1,"27":1,"28":1,"29":1,"30":1,"31":1,"32":1,"39":1,"40":1,"41":1,"42":1,"43":1,"50":1,"57":1,"64":1,"71":1,"78":1,"79":1,"86":1,"87":1,"99":1,"100":0,"112":1,"113":0,"115":0,"117":0,"118":0,"119":0,"121":0,"125":0,"129":0,"133":0,"137":0,"138":0,"141":0,"143":0,"144":0,"148":0,"149":0,"152":0,"156":0,"160":0,"164":0,"165":0,"168":0,"172":0,"176":0,"177":0,"185":1,"195":1,"196":0,"197":0,"198":0,"209":1,"210":0,"211":0,"212":0,"213":0,"225":1,"226":0,"227":0,"228":0,"229":0,"240":1,"241":0,"242":0,"243":0,"246":1,"249":1,"260":1,"261":0,"264":0,"267":0,"268":0,"279":1,"281":0,"282":0,"287":0,"288":0,"289":0,"292":0,"295":0,"296":0,"300":0,"301":0,"302":0,"303":0,"304":0,"305":0,"315":1,"316":0,"326":1,"327":0,"340":1,"341":0,"342":0,"345":0,"346":0,"347":0,"348":0,"349":0,"354":0,"355":0,"356":0,"357":0,"360":0,"369":1,"370":0,"371":0,"373":0,"374":0,"375":0,"376":0,"387":1,"388":0,"389":0,"390":0,"391":0,"392":0,"401":1,"402":0,"403":0,"404":0,"415":1,"416":0,"417":0,"428":1,"429":0,"433":0,"434":0,"436":0,"437":0,"448":1,"449":0,"462":1,"463":0,"465":0,"466":0,"470":0,"471":0,"472":0,"476":0,"477":0,"487":1,"488":0,"490":0,"491":0,"492":0,"495":0,"496":0,"497":0,"500":0,"501":0,"505":0,"506":0,"507":0,"508":0,"509":0,"510":0,"511":0,"522":1,"524":0,"527":0,"530":0,"531":0,"532":0,"533":0,"537":0,"538":0,"539":0,"542":0,"543":0,"545":0,"546":0,"547":0,"548":0,"552":0,"553":0,"556":0,"559":0,"560":0,"561":0,"562":0,"566":0,"569":0,"573":0,"574":0,"577":0,"578":0,"583":0,"584":0,"586":0,"588":0,"589":0,"592":0,"593":0,"598":0,"599":0,"600":0,"603":0,"604":0,"614":1,"615":0,"616":0,"617":0,"618":0,"619":0,"620":0,"621":0,"623":0,"625":0,"626":0,"629":0,"632":0,"635":0,"638":0,"639":0,"640":0,"641":0,"644":0,"645":0,"646":0,"651":0,"652":0,"653":0,"654":0,"658":0,"660":0,"665":0,"666":0,"667":0,"671":0,"672":0,"675":0,"678":0,"684":0,"685":0,"688":0,"689":0,"692":0,"693":0,"698":0,"699":0,"703":0,"704":0,"707":0,"710":0,"711":0,"712":0,"715":0,"724":1,"725":0,"726":0,"728":0,"729":0,"730":0,"732":0,"734":0,"735":0,"736":0,"737":0,"740":1,"741":0,"742":0,"747":0,"749":0,"750":0,"751":0,"752":0,"753":0,"754":0,"765":1,"766":0,"767":0,"769":1,"770":0,"771":0,"772":0,"775":0,"777":0,"778":0,"779":0,"780":0,"781":0,"782":0,"786":0,"797":1,"799":0,"800":0,"801":0,"804":0,"805":0,"806":0,"809":0,"810":0,"811":0,"815":0,"817":0,"820":0,"821":0,"824":0,"828":0,"829":0,"841":1,"842":0,"844":0,"846":0,"848":0,"849":0,"850":0,"853":0,"855":0,"856":0,"868":1,"869":0,"871":0,"873":0,"874":0,"875":0,"878":0,"879":0,"880":0,"881":0,"884":0,"885":0,"886":0,"887":0,"890":0,"891":0,"892":0,"893":0,"904":1,"905":0,"907":0,"908":0,"918":1,"919":0,"920":0,"921":0,"925":0,"936":1,"937":0,"938":0,"939":0,"943":0,"954":1,"955":0,"966":1,"967":0,"988":1,"989":0,"990":0,"992":0,"1004":1,"1005":0,"1018":1,"1019":0,"1032":1,"1033":0,"1035":0,"1036":0,"1037":0,"1041":0,"1051":1,"1052":0,"1054":0,"1067":1,"1068":0,"1070":0,"1071":0,"1072":0}}}